#
# A fatal error has been detected by the Java Runtime Environment:
#
#  SIGBUS (0xa) at pc=0x000000010e2f54e4, pid=29757, tid=24579
#
# JRE version: Java(TM) SE Runtime Environment (17.0.7+8) (build 17.0.7+8-LTS-224)
# Java VM: Java HotSpot(TM) 64-Bit Server VM (17.0.7+8-LTS-224, mixed mode, emulated-client, sharing, tiered, compressed oops, compressed class ptrs, g1 gc, bsd-aarch64)
# Problematic frame:
# v  ~StubRoutines::SafeFetch32
#
# No core dump will be written. Core dumps have been disabled. To enable core dumping, try "ulimit -c unlimited" before starting Java again
#
# JFR recording file will be written. Location: /Users/antoniod621/Documents/Coding/budget-app/application_src_code/budget-backend/hs_err_pid29757.jfr
#
# If you would like to submit a bug report, please visit:
#   https://bugreport.java.com/bugreport/crash.jsp
# The crash happened outside the Java Virtual Machine in native code.
# See problematic frame for where to report the bug.
#

---------------  S U M M A R Y ------------

Command Line: -XX:TieredStopAtLevel=1 -Dspring.output.ansi.enabled=always -Dcom.sun.management.jmxremote -Dspring.jmx.enabled=true -Dspring.liveBeansView.mbeanDomain -Dspring.application.admin.enabled=true -Dmanagement.endpoints.jmx.exposure.include=* -javaagent:/Applications/IntelliJ IDEA.app/Contents/lib/idea_rt.jar=64742:/Applications/IntelliJ IDEA.app/Contents/bin -agentpath:/private/var/folders/nx/k8wgzg995xs0mg97c_b_l2780000gn/T/libasyncProfiler.dylib=start,jfr,event=wall,interval=10ms,jfrsync=profile,cstack=no,file=/Users/antoniod621/IdeaSnapshots/BudgetBackendApplication_2024_06_10_174334.jfr,log=/private/var/folders/nx/k8wgzg995xs0mg97c_b_l2780000gn/T/BudgetBackendApplication_2024_06_10_174334.jfr.log.txt,logLevel=DEBUG -Dfile.encoding=UTF-8 com.example.budgetbackend.BudgetBackendApplication

Host: "MacBookPro17,1" arm64 1 MHz, 8 cores, 8G, Darwin 21.5.0, macOS 12.4 (21F79)
Time: Mon Jun 10 17:43:36 2024 EDT elapsed time: 1.709951 seconds (0d 0h 0m 1s)

---------------  T H R E A D  ---------------

Current thread (0x0000000149304800):  JavaThread "Monitor Ctrl-Break" daemon [_thread_in_native, id=24579, stack(0x000000016d408000,0x000000016d60b000)]

Stack: [0x000000016d408000,0x000000016d60b000],  sp=0x000000016d608dd0,  free space=2051k
Native frames: (J=compiled Java code, j=interpreted, Vv=VM code, C=native code)
v  ~StubRoutines::SafeFetch32
V  [libjvm.dylib+0x7ae654]  _ZN2os17is_readable_rangeEPKvS1_+0x2c
V  [libjvm.dylib+0x75eed0]  _ZN6Method15is_valid_methodEPKS_+0x38
V  [libjvm.dylib+0x3548e4]  _ZL31forte_fill_call_trace_given_topP10JavaThreadP15ASGCT_CallTracei5frame+0x1e0
V  [libjvm.dylib+0x3546f0]  AsyncGetCallTrace+0x1c8
C  [libasyncProfiler.dylib+0x3e4b0]  _ZN8Profiler17getJavaTraceAsyncEPvP15ASGCT_CallFrameiP12StackContext+0x15c
C  [libasyncProfiler.dylib+0x3f5c8]  _ZN8Profiler21recordSampleForThreadEiPvy9EventTypeP5EventPi+0x15c
C  [libasyncProfiler.dylib+0x4e164]  _ZN9WallClock13signalHandlerEiP9__siginfoPv+0xa8
C  [libsystem_platform.dylib+0x44a4]  _sigtramp+0x38
C  [libnio.dylib+0x711c]  Java_sun_nio_ch_SocketDispatcher_read0+0x30
j  sun.nio.ch.SocketDispatcher.read0(Ljava/io/FileDescriptor;JI)I+0 java.base@17.0.7
j  sun.nio.ch.SocketDispatcher.read(Ljava/io/FileDescriptor;JI)I+4 java.base@17.0.7
j  sun.nio.ch.NioSocketImpl.tryRead(Ljava/io/FileDescriptor;[BII)I+45 java.base@17.0.7
j  sun.nio.ch.NioSocketImpl.implRead([BII)I+99 java.base@17.0.7
j  sun.nio.ch.NioSocketImpl.read([BII)I+54 java.base@17.0.7
j  sun.nio.ch.NioSocketImpl$1.read([BII)I+7 java.base@17.0.7
j  java.net.Socket$SocketInputStream.read([BII)I+7 java.base@17.0.7
j  sun.nio.cs.StreamDecoder.readBytes()I+117 java.base@17.0.7
j  sun.nio.cs.StreamDecoder.implRead([CII)I+112 java.base@17.0.7
j  sun.nio.cs.StreamDecoder.read([CII)I+180 java.base@17.0.7
j  java.io.InputStreamReader.read([CII)I+7 java.base@17.0.7
j  java.io.BufferedReader.fill()V+145 java.base@17.0.7
j  java.io.BufferedReader.readLine(Z[Z)Ljava/lang/String;+52 java.base@17.0.7
j  java.io.BufferedReader.readLine()Ljava/lang/String;+3 java.base@17.0.7
j  com.intellij.rt.execution.application.AppMainV2$1.run()V+36
v  ~StubRoutines::call_stub
V  [libjvm.dylib+0x464a38]  _ZN9JavaCalls11call_helperEP9JavaValueRK12methodHandleP17JavaCallArgumentsP10JavaThread+0x38c
V  [libjvm.dylib+0x463a54]  _ZN9JavaCalls12call_virtualEP9JavaValueP5KlassP6SymbolS5_P17JavaCallArgumentsP10JavaThread+0x11c
V  [libjvm.dylib+0x463b20]  _ZN9JavaCalls12call_virtualEP9JavaValue6HandleP5KlassP6SymbolS6_P10JavaThread+0x64
V  [libjvm.dylib+0x516e78]  _ZL12thread_entryP10JavaThreadS0_+0xc4
V  [libjvm.dylib+0x913e18]  _ZN10JavaThread17thread_main_innerEv+0x148
V  [libjvm.dylib+0x912714]  _ZN6Thread8call_runEv+0x128
V  [libjvm.dylib+0x7b1ab0]  _ZL19thread_native_entryP6Thread+0x158
C  [libsystem_pthread.dylib+0x726c]  _pthread_start+0x94

Java frames: (J=compiled Java code, j=interpreted, Vv=VM code)
j  sun.nio.ch.SocketDispatcher.read0(Ljava/io/FileDescriptor;JI)I+0 java.base@17.0.7
j  sun.nio.ch.SocketDispatcher.read(Ljava/io/FileDescriptor;JI)I+4 java.base@17.0.7
j  sun.nio.ch.NioSocketImpl.tryRead(Ljava/io/FileDescriptor;[BII)I+45 java.base@17.0.7
j  sun.nio.ch.NioSocketImpl.implRead([BII)I+99 java.base@17.0.7
j  sun.nio.ch.NioSocketImpl.read([BII)I+54 java.base@17.0.7
j  sun.nio.ch.NioSocketImpl$1.read([BII)I+7 java.base@17.0.7
j  java.net.Socket$SocketInputStream.read([BII)I+7 java.base@17.0.7
j  sun.nio.cs.StreamDecoder.readBytes()I+117 java.base@17.0.7
j  sun.nio.cs.StreamDecoder.implRead([CII)I+112 java.base@17.0.7
j  sun.nio.cs.StreamDecoder.read([CII)I+180 java.base@17.0.7
j  java.io.InputStreamReader.read([CII)I+7 java.base@17.0.7
j  java.io.BufferedReader.fill()V+145 java.base@17.0.7
j  java.io.BufferedReader.readLine(Z[Z)Ljava/lang/String;+52 java.base@17.0.7
j  java.io.BufferedReader.readLine()Ljava/lang/String;+3 java.base@17.0.7
j  com.intellij.rt.execution.application.AppMainV2$1.run()V+36
v  ~StubRoutines::call_stub

siginfo: si_signo: 10 (SIGBUS), si_code: 1 (BUS_ADRALN), si_addr: 0x000000010e2f54e4

Register to memory mapping:

 x0={method} {0x0000000118074000} 'readv' '(Ljava/io/FileDescriptor;JI)J' in 'sun/nio/ch/SocketDispatcher'
 x1=0x00000000cafebabe is an unknown value
 x2=0x0 is NULL
 x3=0x0 is NULL
 x4=0x000000016d609c30 is pointing into the stack for thread: 0x0000000149304800
 x5=0x000000016d609c30 is pointing into the stack for thread: 0x0000000149304800
 x6=0x000000010678b000: temp_path_storage+0x348 in /Library/Java/JavaVirtualMachines/jdk-17.jdk/Contents/Home/lib/server/libjvm.dylib at 0x0000000105be4000
 x7=0x0000000000000047 is an unknown value
 x8=0x000000010e2f54e0 is at begin+0 in a stub
StubRoutines::SafeFetch32 [0x000000010e2f54e0, 0x000000010e2f54ec] (12 bytes)
 x9=0x0000000000000450 is an unknown value
x10=0x000000010e2f9600 is pointing into interpreter code (not bytecode specific)
x11=0x00000000000000ab is an unknown value
x12=0x00000000000000ab is an unknown value
x13=0x0 is NULL
x14=0x00000000b063e800 is an unknown value
x15=0x000000000000007d is an unknown value
x16=0x000000019f38f0fc: pthread_getspecific+0 in /usr/lib/system/libsystem_pthread.dylib at 0x000000019f38d000
x17=0x0000600001d7a450 points into unknown readable memory: 0xfffffffffffffffe | fe ff ff ff ff ff ff ff
x18=0x0 is NULL
x19={method} {0x0000000118074000} 'readv' '(Ljava/io/FileDescriptor;JI)J' in 'sun/nio/ch/SocketDispatcher'
x20=0x0000000149304800 is a thread
x21=0x0000000000000001 is an unknown value
x22={method} {0x0000000118074390} 'read0' '(Ljava/io/FileDescriptor;JI)I' in 'sun/nio/ch/SocketDispatcher'
x23=0x000000010678c798: _ZN12StubRoutines18_safefetch32_entryE+0 in /Library/Java/JavaVirtualMachines/jdk-17.jdk/Contents/Home/lib/server/libjvm.dylib at 0x0000000105be4000
x24=0x00000000cafebabe is an unknown value
x25=0x0000000149304aa8 points into unknown readable memory: 0x00000001067527d0 | d0 27 75 06 01 00 00 00
x26=0x000000016d6099b0 is pointing into the stack for thread: 0x0000000149304800
x27=0x000000014002c3d8 points into unknown readable memory: 0x0000000000000106 | 06 01 00 00 00 00 00 00
x28=0x000000019f357630: read+0x4 in /usr/lib/system/libsystem_kernel.dylib at 0x000000019f355000


Registers:
 x0=0x0000000118074000  x1=0x00000000cafebabe  x2=0x0000000000000000  x3=0x0000000000000000
 x4=0x000000016d609c30  x5=0x000000016d609c30  x6=0x000000010678b000  x7=0x0000000000000047
 x8=0x000000010e2f54e0  x9=0x0000000000000450 x10=0x000000010e2f9600 x11=0x00000000000000ab
x12=0x00000000000000ab x13=0x0000000000000000 x14=0x00000000b063e800 x15=0x000000000000007d
x16=0x000000019f38f0fc x17=0x0000600001d7a450 x18=0x0000000000000000 x19=0x0000000118074000
x20=0x0000000149304800 x21=0x0000000000000001 x22=0x0000000118074390 x23=0x000000010678c798
x24=0x00000000cafebabe x25=0x0000000149304aa8 x26=0x000000016d6099b0 x27=0x000000014002c3d8
x28=0x000000019f357630  fp=0x000000016d608e00  lr=0x0000000106392054  sp=0x000000016d608dd0
pc=0x000000010e2f54e4 cpsr=0x0000000060001000
Top of Stack: (sp=0x000000016d608dd0)
0x000000016d608dd0:   0000000149304800 00000000000007ff
0x000000016d608de0:   0000000118074390 0000000149304800
0x000000016d608df0:   0000000118074000 00000001180743e8
0x000000016d608e00:   000000016d608e20 0000000106392654
0x000000016d608e10:   0000000000000800 0000000118074390
0x000000016d608e20:   000000016d608e40 0000000106342ed0
0x000000016d608e30:   0000000000000800 000000016d609b90
0x000000016d608e40:   000000016d609ab0 0000000105f388e4
0x000000016d608e50:   0000000104a64060 0000000000000000
0x000000016d608e60:   000000016d608f70 4121000104c3ee6c
0x000000016d608e70:   0000000000000070 0000000100000000
0x000000016d608e80:   000000016d609870 0000000104c807d3
0x000000016d608e90:   0000000104c20000 0000000000000000
0x000000016d608ea0:   000000016d608f10 ee68000104c2b3dc
0x000000016d608eb0:   0000000104a64060 000000016d608f80
0x000000016d608ec0:   00000002094ce180 000000016d6097b0
0x000000016d608ed0:   0000000104a66fe0 0000000104a670c0
0x000000016d608ee0:   00000002094ce180 000000016d6097b0
0x000000016d608ef0:   000060000239e820 000000010593d548
0x000000016d608f00:   00000f280000005d 0000000000014a78
0x000000016d608f10:   a96467ed1ec70062 0000000104c20000
0x000000016d608f20:   00000002094cdfc0 000000016d6097b0
0x000000016d608f30:   000000016d6097e0 0000000104a66fe0
0x000000016d608f40:   00000002094cdfc0 000000016d6097b0
0x000000016d608f50:   000060000239e820 0000000104a64060
0x000000016d608f60:   000000016d6098b8 000000016d6097e0
0x000000016d608f70:   000000016d609990 3208800104c4eb88
0x000000016d608f80:   0000000104a66fe0 0000000104a66b70
0x000000016d608f90:   0000000258f588c4 0000000258f587fc
0x000000016d608fa0:   0000000258f4d934 0000000258f4d85c
0x000000016d608fb0:   0000000258f4db4c 0000000258f4da3c
0x000000016d608fc0:   0000000258f4d164 0000000258f58324 

Instructions: (pc=0x000000010e2f54e4)
0x000000010e2f53e4:   1e614000 1400003a d2842809 f2a0cec9
0x000000010e2f53f4:   f2c00029 6d425935 1e640886 0c402d31
0x000000010e2f5404:   1e6408c7 1f5654d0 1e6c1017 1f5050d0
0x000000010e2f5414:   1f504cd0 1f5048d0 1e650af6 1f50d8f6
0x000000010e2f5424:   1f5694d6 1f5158f6 1e762880 36000501
0x000000010e2f5434:   1e614000 14000026 2e251ca5 d2843009
0x000000010e2f5444:   f2a0cec9 f2c00029 6d425d36 1e600806
0x000000010e2f5454:   0c402d32 1f5758c7 1e6c101a 1f4754c7
0x000000010e2f5464:   1e650805 1f4750c7 d2866668 f2a7fa68
0x000000010e2f5474:   1f474cc7 1e6608c0 1f4748c7 1e6e1019
0x000000010e2f5484:   eb08007f 540000ac 1f479400 1f460340
0x000000010e2f5494:   1e603b20 1400000e d2a7fd29 eb09007f
0x000000010e2f54a4:   540000ac 51480069 d3607d29 9e670121
0x000000010e2f54b4:   14000002 1e6a5001 1f679417 1f668742
0x000000010e2f54c4:   1e613b23 1e773857 1e773860 a8c17ff3
0x000000010e2f54d4:   910003bf a8c17bfd d65f03c0 b9400001
0x000000010e2f54e4:   aa0103e0 d65f03c0 f9400001 aa0103e0
0x000000010e2f54f4:   d65f03c0 00000000 00000000 00000000
0x000000010e2f5504:   00000000 00000000 00000000 00000000
0x000000010e2f5514:   00000000 00000000 00000000 00000000
0x000000010e2f5524:   00000000 00000000 00000000 00000000
0x000000010e2f5534:   00000000 00000000 00000000 00000000
0x000000010e2f5544:   00000000 00000000 00000000 00000000
0x000000010e2f5554:   00000000 00000000 00000000 00000000
0x000000010e2f5564:   00000000 00000000 00000000 00000000
0x000000010e2f5574:   00000000 00000000 00000000 00000000
0x000000010e2f5584:   00000000 00000000 00000000 00000000
0x000000010e2f5594:   00000000 00000000 00000000 00000000
0x000000010e2f55a4:   00000000 00000000 00000000 00000000
0x000000010e2f55b4:   00000000 00000000 00000000 00000000
0x000000010e2f55c4:   00000000 00000000 00000000 00000000
0x000000010e2f55d4:   00000000 00000000 00000000 00000000 


Stack slot to memory mapping:
stack at sp + 0 slots: 0x0000000149304800 is a thread
stack at sp + 1 slots: 0x00000000000007ff is an unknown value
stack at sp + 2 slots: {method} {0x0000000118074390} 'read0' '(Ljava/io/FileDescriptor;JI)I' in 'sun/nio/ch/SocketDispatcher'
stack at sp + 3 slots: 0x0000000149304800 is a thread
stack at sp + 4 slots: {method} {0x0000000118074000} 'readv' '(Ljava/io/FileDescriptor;JI)J' in 'sun/nio/ch/SocketDispatcher'
stack at sp + 5 slots: 0x00000001180743e8 is pointing into metadata
stack at sp + 6 slots: 0x000000016d608e20 is pointing into the stack for thread: 0x0000000149304800
stack at sp + 7 slots: 0x0000000106392654: _ZN2os17is_readable_rangeEPKvS1_+0x2c in /Library/Java/JavaVirtualMachines/jdk-17.jdk/Contents/Home/lib/server/libjvm.dylib at 0x0000000105be4000

StubRoutines::SafeFetch32 [0x000000010e2f54e0, 0x000000010e2f54ec] (12 bytes)
[MachCode]
  0x000000010e2f54e0: 0100 40b9 | e003 01aa | c003 5fd6 
[/MachCode]

---------------  P R O C E S S  ---------------

Threads class SMR info:
_java_thread_list=0x00006000030967e0, length=14, elements={
0x000000014900fe00, 0x000000014893e200, 0x00000001488ac200, 0x00000001488aec00,
0x00000001488af200, 0x00000001488af800, 0x00000001488b0a00, 0x00000001488b1000,
0x000000014893e800, 0x0000000149304800, 0x0000000149524200, 0x0000000138b58c00,
0x0000000149861000, 0x0000000149863600
}

Java Threads: ( => current thread )
  0x000000014900fe00 JavaThread "main" [_thread_in_vm, id=9987, stack(0x000000016b43c000,0x000000016b63f000)]
  0x000000014893e200 JavaThread "Reference Handler" daemon [_thread_blocked, id=16899, stack(0x000000016c290000,0x000000016c493000)]
  0x00000001488ac200 JavaThread "Finalizer" daemon [_thread_blocked, id=16643, stack(0x000000016c49c000,0x000000016c69f000)]
  0x00000001488aec00 JavaThread "Signal Dispatcher" daemon [_thread_blocked, id=42499, stack(0x000000016c7c0000,0x000000016c9c3000)]
  0x00000001488af200 JavaThread "Service Thread" daemon [_thread_blocked, id=23299, stack(0x000000016c9cc000,0x000000016cbcf000)]
  0x00000001488af800 JavaThread "Monitor Deflation Thread" daemon [_thread_blocked, id=41987, stack(0x000000016cbd8000,0x000000016cddb000)]
  0x00000001488b0a00 JavaThread "C1 CompilerThread0" daemon [_thread_blocked, id=23555, stack(0x000000016cde4000,0x000000016cfe7000)]
  0x00000001488b1000 JavaThread "Sweeper thread" daemon [_thread_blocked, id=41219, stack(0x000000016cff0000,0x000000016d1f3000)]
  0x000000014893e800 JavaThread "Common-Cleaner" daemon [_thread_blocked, id=24067, stack(0x000000016d1fc000,0x000000016d3ff000)]
=>0x0000000149304800 JavaThread "Monitor Ctrl-Break" daemon [_thread_in_native, id=24579, stack(0x000000016d408000,0x000000016d60b000)]
  0x0000000149524200 JavaThread "JFR Recorder Thread" daemon [_thread_blocked, id=40707, stack(0x000000016d614000,0x000000016d817000)]
  0x0000000138b58c00 JavaThread "JFR Periodic Tasks" daemon [_thread_blocked, id=40451, stack(0x000000016d820000,0x000000016da23000)]
  0x0000000149861000 JavaThread "Async-profiler Timer" daemon [_thread_in_native, id=39683, stack(0x000000016dab8000,0x000000016dcbb000)]
  0x0000000149863600 JavaThread "Notification Thread" daemon [_thread_blocked, id=25603, stack(0x000000016dcc4000,0x000000016dec7000)]

Other Threads:
  0x0000000148617a10 VMThread "VM Thread" [stack: 0x000000016c084000,0x000000016c287000] [id=14851]
  0x00000001487df310 GCTaskThread "GC Thread#0" [stack: 0x000000016b648000,0x000000016b84b000] [id=11779]
  0x0000000148610f40 ConcurrentGCThread "G1 Main Marker" [stack: 0x000000016b854000,0x000000016ba57000] [id=12291]
  0x00000001486117c0 ConcurrentGCThread "G1 Conc#0" [stack: 0x000000016ba60000,0x000000016bc63000] [id=18947]
  0x0000000148613630 ConcurrentGCThread "G1 Refine#0" [stack: 0x000000016bc6c000,0x000000016be6f000] [id=13315]
  0x0000000148613ed0 ConcurrentGCThread "G1 Service" [stack: 0x000000016be78000,0x000000016c07b000] [id=18179]

Threads with active compile tasks:
C1 CompilerThread0     1717 1085       1       java.lang.Class::descriptorString (170 bytes)

VM state: not at safepoint (normal execution)

VM Mutex/Monitor currently owned by a thread: None

Heap address: 0x0000000780000000, size: 2048 MB, Compressed Oops mode: Zero based, Oop shift amount: 3

CDS archive(s) mapped at: [0x0000000800000000-0x0000000800bd8000-0x0000000800bd8000), size 12419072, SharedBaseAddress: 0x0000000800000000, ArchiveRelocationMode: 0.
Compressed class space mapped at: 0x0000000800c00000-0x0000000840c00000, reserved size: 1073741824
Narrow klass base: 0x0000000800000000, Narrow klass shift: 0, Narrow klass range: 0x100000000

GC Precious Log:
 CPUs: 8 total, 8 available
 Memory: 8192M
 Large Page Support: Disabled
 NUMA Support: Disabled
 Compressed Oops: Enabled (Zero based)
 Heap Region Size: 1M
 Heap Min Capacity: 8M
 Heap Initial Capacity: 128M
 Heap Max Capacity: 2G
 Pre-touch: Disabled
 Parallel Workers: 8
 Concurrent Workers: 2
 Concurrent Refinement Workers: 8
 Periodic GC: Disabled

Heap:
 garbage-first heap   total 133120K, used 23520K [0x0000000780000000, 0x0000000800000000)
  region size 1024K, 23 young (23552K), 0 survivors (0K)
 Metaspace       used 3727K, committed 3904K, reserved 1056768K
  class space    used 455K, committed 512K, reserved 1048576K

Heap Regions: E=young(eden), S=young(survivor), O=old, HS=humongous(starts), HC=humongous(continues), CS=collection set, F=free, OA=open archive, CA=closed archive, TAMS=top-at-mark-start (previous, next)
|   0|0x0000000780000000, 0x0000000780100000, 0x0000000780100000|100%|HS|  |TAMS 0x0000000780000000, 0x0000000780000000| Complete 
|   1|0x0000000780100000, 0x0000000780100000, 0x0000000780200000|  0%| F|  |TAMS 0x0000000780100000, 0x0000000780100000| Untracked 
|   2|0x0000000780200000, 0x0000000780200000, 0x0000000780300000|  0%| F|  |TAMS 0x0000000780200000, 0x0000000780200000| Untracked 
|   3|0x0000000780300000, 0x0000000780300000, 0x0000000780400000|  0%| F|  |TAMS 0x0000000780300000, 0x0000000780300000| Untracked 
|   4|0x0000000780400000, 0x0000000780400000, 0x0000000780500000|  0%| F|  |TAMS 0x0000000780400000, 0x0000000780400000| Untracked 
|   5|0x0000000780500000, 0x0000000780500000, 0x0000000780600000|  0%| F|  |TAMS 0x0000000780500000, 0x0000000780500000| Untracked 
|   6|0x0000000780600000, 0x0000000780600000, 0x0000000780700000|  0%| F|  |TAMS 0x0000000780600000, 0x0000000780600000| Untracked 
|   7|0x0000000780700000, 0x0000000780700000, 0x0000000780800000|  0%| F|  |TAMS 0x0000000780700000, 0x0000000780700000| Untracked 
|   8|0x0000000780800000, 0x0000000780800000, 0x0000000780900000|  0%| F|  |TAMS 0x0000000780800000, 0x0000000780800000| Untracked 
|   9|0x0000000780900000, 0x0000000780900000, 0x0000000780a00000|  0%| F|  |TAMS 0x0000000780900000, 0x0000000780900000| Untracked 
|  10|0x0000000780a00000, 0x0000000780a00000, 0x0000000780b00000|  0%| F|  |TAMS 0x0000000780a00000, 0x0000000780a00000| Untracked 
|  11|0x0000000780b00000, 0x0000000780b00000, 0x0000000780c00000|  0%| F|  |TAMS 0x0000000780b00000, 0x0000000780b00000| Untracked 
|  12|0x0000000780c00000, 0x0000000780c00000, 0x0000000780d00000|  0%| F|  |TAMS 0x0000000780c00000, 0x0000000780c00000| Untracked 
|  13|0x0000000780d00000, 0x0000000780d00000, 0x0000000780e00000|  0%| F|  |TAMS 0x0000000780d00000, 0x0000000780d00000| Untracked 
|  14|0x0000000780e00000, 0x0000000780e00000, 0x0000000780f00000|  0%| F|  |TAMS 0x0000000780e00000, 0x0000000780e00000| Untracked 
|  15|0x0000000780f00000, 0x0000000780f00000, 0x0000000781000000|  0%| F|  |TAMS 0x0000000780f00000, 0x0000000780f00000| Untracked 
|  16|0x0000000781000000, 0x0000000781000000, 0x0000000781100000|  0%| F|  |TAMS 0x0000000781000000, 0x0000000781000000| Untracked 
|  17|0x0000000781100000, 0x0000000781100000, 0x0000000781200000|  0%| F|  |TAMS 0x0000000781100000, 0x0000000781100000| Untracked 
|  18|0x0000000781200000, 0x0000000781200000, 0x0000000781300000|  0%| F|  |TAMS 0x0000000781200000, 0x0000000781200000| Untracked 
|  19|0x0000000781300000, 0x0000000781300000, 0x0000000781400000|  0%| F|  |TAMS 0x0000000781300000, 0x0000000781300000| Untracked 
|  20|0x0000000781400000, 0x0000000781400000, 0x0000000781500000|  0%| F|  |TAMS 0x0000000781400000, 0x0000000781400000| Untracked 
|  21|0x0000000781500000, 0x0000000781500000, 0x0000000781600000|  0%| F|  |TAMS 0x0000000781500000, 0x0000000781500000| Untracked 
|  22|0x0000000781600000, 0x0000000781600000, 0x0000000781700000|  0%| F|  |TAMS 0x0000000781600000, 0x0000000781600000| Untracked 
|  23|0x0000000781700000, 0x0000000781700000, 0x0000000781800000|  0%| F|  |TAMS 0x0000000781700000, 0x0000000781700000| Untracked 
|  24|0x0000000781800000, 0x0000000781800000, 0x0000000781900000|  0%| F|  |TAMS 0x0000000781800000, 0x0000000781800000| Untracked 
|  25|0x0000000781900000, 0x0000000781900000, 0x0000000781a00000|  0%| F|  |TAMS 0x0000000781900000, 0x0000000781900000| Untracked 
|  26|0x0000000781a00000, 0x0000000781a00000, 0x0000000781b00000|  0%| F|  |TAMS 0x0000000781a00000, 0x0000000781a00000| Untracked 
|  27|0x0000000781b00000, 0x0000000781b00000, 0x0000000781c00000|  0%| F|  |TAMS 0x0000000781b00000, 0x0000000781b00000| Untracked 
|  28|0x0000000781c00000, 0x0000000781c00000, 0x0000000781d00000|  0%| F|  |TAMS 0x0000000781c00000, 0x0000000781c00000| Untracked 
|  29|0x0000000781d00000, 0x0000000781d00000, 0x0000000781e00000|  0%| F|  |TAMS 0x0000000781d00000, 0x0000000781d00000| Untracked 
|  30|0x0000000781e00000, 0x0000000781e00000, 0x0000000781f00000|  0%| F|  |TAMS 0x0000000781e00000, 0x0000000781e00000| Untracked 
|  31|0x0000000781f00000, 0x0000000781f00000, 0x0000000782000000|  0%| F|  |TAMS 0x0000000781f00000, 0x0000000781f00000| Untracked 
|  32|0x0000000782000000, 0x0000000782000000, 0x0000000782100000|  0%| F|  |TAMS 0x0000000782000000, 0x0000000782000000| Untracked 
|  33|0x0000000782100000, 0x0000000782100000, 0x0000000782200000|  0%| F|  |TAMS 0x0000000782100000, 0x0000000782100000| Untracked 
|  34|0x0000000782200000, 0x0000000782200000, 0x0000000782300000|  0%| F|  |TAMS 0x0000000782200000, 0x0000000782200000| Untracked 
|  35|0x0000000782300000, 0x0000000782300000, 0x0000000782400000|  0%| F|  |TAMS 0x0000000782300000, 0x0000000782300000| Untracked 
|  36|0x0000000782400000, 0x0000000782400000, 0x0000000782500000|  0%| F|  |TAMS 0x0000000782400000, 0x0000000782400000| Untracked 
|  37|0x0000000782500000, 0x0000000782500000, 0x0000000782600000|  0%| F|  |TAMS 0x0000000782500000, 0x0000000782500000| Untracked 
|  38|0x0000000782600000, 0x0000000782600000, 0x0000000782700000|  0%| F|  |TAMS 0x0000000782600000, 0x0000000782600000| Untracked 
|  39|0x0000000782700000, 0x0000000782700000, 0x0000000782800000|  0%| F|  |TAMS 0x0000000782700000, 0x0000000782700000| Untracked 
|  40|0x0000000782800000, 0x0000000782800000, 0x0000000782900000|  0%| F|  |TAMS 0x0000000782800000, 0x0000000782800000| Untracked 
|  41|0x0000000782900000, 0x0000000782900000, 0x0000000782a00000|  0%| F|  |TAMS 0x0000000782900000, 0x0000000782900000| Untracked 
|  42|0x0000000782a00000, 0x0000000782a00000, 0x0000000782b00000|  0%| F|  |TAMS 0x0000000782a00000, 0x0000000782a00000| Untracked 
|  43|0x0000000782b00000, 0x0000000782b00000, 0x0000000782c00000|  0%| F|  |TAMS 0x0000000782b00000, 0x0000000782b00000| Untracked 
|  44|0x0000000782c00000, 0x0000000782c00000, 0x0000000782d00000|  0%| F|  |TAMS 0x0000000782c00000, 0x0000000782c00000| Untracked 
|  45|0x0000000782d00000, 0x0000000782d00000, 0x0000000782e00000|  0%| F|  |TAMS 0x0000000782d00000, 0x0000000782d00000| Untracked 
|  46|0x0000000782e00000, 0x0000000782e00000, 0x0000000782f00000|  0%| F|  |TAMS 0x0000000782e00000, 0x0000000782e00000| Untracked 
|  47|0x0000000782f00000, 0x0000000782f00000, 0x0000000783000000|  0%| F|  |TAMS 0x0000000782f00000, 0x0000000782f00000| Untracked 
|  48|0x0000000783000000, 0x0000000783000000, 0x0000000783100000|  0%| F|  |TAMS 0x0000000783000000, 0x0000000783000000| Untracked 
|  49|0x0000000783100000, 0x0000000783100000, 0x0000000783200000|  0%| F|  |TAMS 0x0000000783100000, 0x0000000783100000| Untracked 
|  50|0x0000000783200000, 0x0000000783200000, 0x0000000783300000|  0%| F|  |TAMS 0x0000000783200000, 0x0000000783200000| Untracked 
|  51|0x0000000783300000, 0x0000000783300000, 0x0000000783400000|  0%| F|  |TAMS 0x0000000783300000, 0x0000000783300000| Untracked 
|  52|0x0000000783400000, 0x0000000783400000, 0x0000000783500000|  0%| F|  |TAMS 0x0000000783400000, 0x0000000783400000| Untracked 
|  53|0x0000000783500000, 0x0000000783500000, 0x0000000783600000|  0%| F|  |TAMS 0x0000000783500000, 0x0000000783500000| Untracked 
|  54|0x0000000783600000, 0x0000000783600000, 0x0000000783700000|  0%| F|  |TAMS 0x0000000783600000, 0x0000000783600000| Untracked 
|  55|0x0000000783700000, 0x0000000783700000, 0x0000000783800000|  0%| F|  |TAMS 0x0000000783700000, 0x0000000783700000| Untracked 
|  56|0x0000000783800000, 0x0000000783800000, 0x0000000783900000|  0%| F|  |TAMS 0x0000000783800000, 0x0000000783800000| Untracked 
|  57|0x0000000783900000, 0x0000000783900000, 0x0000000783a00000|  0%| F|  |TAMS 0x0000000783900000, 0x0000000783900000| Untracked 
|  58|0x0000000783a00000, 0x0000000783a00000, 0x0000000783b00000|  0%| F|  |TAMS 0x0000000783a00000, 0x0000000783a00000| Untracked 
|  59|0x0000000783b00000, 0x0000000783b00000, 0x0000000783c00000|  0%| F|  |TAMS 0x0000000783b00000, 0x0000000783b00000| Untracked 
|  60|0x0000000783c00000, 0x0000000783c00000, 0x0000000783d00000|  0%| F|  |TAMS 0x0000000783c00000, 0x0000000783c00000| Untracked 
|  61|0x0000000783d00000, 0x0000000783d00000, 0x0000000783e00000|  0%| F|  |TAMS 0x0000000783d00000, 0x0000000783d00000| Untracked 
|  62|0x0000000783e00000, 0x0000000783e00000, 0x0000000783f00000|  0%| F|  |TAMS 0x0000000783e00000, 0x0000000783e00000| Untracked 
|  63|0x0000000783f00000, 0x0000000783f00000, 0x0000000784000000|  0%| F|  |TAMS 0x0000000783f00000, 0x0000000783f00000| Untracked 
|  64|0x0000000784000000, 0x0000000784000000, 0x0000000784100000|  0%| F|  |TAMS 0x0000000784000000, 0x0000000784000000| Untracked 
|  65|0x0000000784100000, 0x0000000784100000, 0x0000000784200000|  0%| F|  |TAMS 0x0000000784100000, 0x0000000784100000| Untracked 
|  66|0x0000000784200000, 0x0000000784200000, 0x0000000784300000|  0%| F|  |TAMS 0x0000000784200000, 0x0000000784200000| Untracked 
|  67|0x0000000784300000, 0x0000000784300000, 0x0000000784400000|  0%| F|  |TAMS 0x0000000784300000, 0x0000000784300000| Untracked 
|  68|0x0000000784400000, 0x0000000784400000, 0x0000000784500000|  0%| F|  |TAMS 0x0000000784400000, 0x0000000784400000| Untracked 
|  69|0x0000000784500000, 0x0000000784500000, 0x0000000784600000|  0%| F|  |TAMS 0x0000000784500000, 0x0000000784500000| Untracked 
|  70|0x0000000784600000, 0x0000000784600000, 0x0000000784700000|  0%| F|  |TAMS 0x0000000784600000, 0x0000000784600000| Untracked 
|  71|0x0000000784700000, 0x0000000784700000, 0x0000000784800000|  0%| F|  |TAMS 0x0000000784700000, 0x0000000784700000| Untracked 
|  72|0x0000000784800000, 0x0000000784800000, 0x0000000784900000|  0%| F|  |TAMS 0x0000000784800000, 0x0000000784800000| Untracked 
|  73|0x0000000784900000, 0x0000000784900000, 0x0000000784a00000|  0%| F|  |TAMS 0x0000000784900000, 0x0000000784900000| Untracked 
|  74|0x0000000784a00000, 0x0000000784a00000, 0x0000000784b00000|  0%| F|  |TAMS 0x0000000784a00000, 0x0000000784a00000| Untracked 
|  75|0x0000000784b00000, 0x0000000784b00000, 0x0000000784c00000|  0%| F|  |TAMS 0x0000000784b00000, 0x0000000784b00000| Untracked 
|  76|0x0000000784c00000, 0x0000000784c00000, 0x0000000784d00000|  0%| F|  |TAMS 0x0000000784c00000, 0x0000000784c00000| Untracked 
|  77|0x0000000784d00000, 0x0000000784d00000, 0x0000000784e00000|  0%| F|  |TAMS 0x0000000784d00000, 0x0000000784d00000| Untracked 
|  78|0x0000000784e00000, 0x0000000784e00000, 0x0000000784f00000|  0%| F|  |TAMS 0x0000000784e00000, 0x0000000784e00000| Untracked 
|  79|0x0000000784f00000, 0x0000000784f00000, 0x0000000785000000|  0%| F|  |TAMS 0x0000000784f00000, 0x0000000784f00000| Untracked 
|  80|0x0000000785000000, 0x0000000785000000, 0x0000000785100000|  0%| F|  |TAMS 0x0000000785000000, 0x0000000785000000| Untracked 
|  81|0x0000000785100000, 0x0000000785100000, 0x0000000785200000|  0%| F|  |TAMS 0x0000000785100000, 0x0000000785100000| Untracked 
|  82|0x0000000785200000, 0x0000000785200000, 0x0000000785300000|  0%| F|  |TAMS 0x0000000785200000, 0x0000000785200000| Untracked 
|  83|0x0000000785300000, 0x0000000785300000, 0x0000000785400000|  0%| F|  |TAMS 0x0000000785300000, 0x0000000785300000| Untracked 
|  84|0x0000000785400000, 0x0000000785400000, 0x0000000785500000|  0%| F|  |TAMS 0x0000000785400000, 0x0000000785400000| Untracked 
|  85|0x0000000785500000, 0x0000000785500000, 0x0000000785600000|  0%| F|  |TAMS 0x0000000785500000, 0x0000000785500000| Untracked 
|  86|0x0000000785600000, 0x0000000785600000, 0x0000000785700000|  0%| F|  |TAMS 0x0000000785600000, 0x0000000785600000| Untracked 
|  87|0x0000000785700000, 0x0000000785700000, 0x0000000785800000|  0%| F|  |TAMS 0x0000000785700000, 0x0000000785700000| Untracked 
|  88|0x0000000785800000, 0x0000000785800000, 0x0000000785900000|  0%| F|  |TAMS 0x0000000785800000, 0x0000000785800000| Untracked 
|  89|0x0000000785900000, 0x0000000785900000, 0x0000000785a00000|  0%| F|  |TAMS 0x0000000785900000, 0x0000000785900000| Untracked 
|  90|0x0000000785a00000, 0x0000000785a00000, 0x0000000785b00000|  0%| F|  |TAMS 0x0000000785a00000, 0x0000000785a00000| Untracked 
|  91|0x0000000785b00000, 0x0000000785b00000, 0x0000000785c00000|  0%| F|  |TAMS 0x0000000785b00000, 0x0000000785b00000| Untracked 
|  92|0x0000000785c00000, 0x0000000785c00000, 0x0000000785d00000|  0%| F|  |TAMS 0x0000000785c00000, 0x0000000785c00000| Untracked 
|  93|0x0000000785d00000, 0x0000000785d00000, 0x0000000785e00000|  0%| F|  |TAMS 0x0000000785d00000, 0x0000000785d00000| Untracked 
|  94|0x0000000785e00000, 0x0000000785e00000, 0x0000000785f00000|  0%| F|  |TAMS 0x0000000785e00000, 0x0000000785e00000| Untracked 
|  95|0x0000000785f00000, 0x0000000785f00000, 0x0000000786000000|  0%| F|  |TAMS 0x0000000785f00000, 0x0000000785f00000| Untracked 
|  96|0x0000000786000000, 0x0000000786000000, 0x0000000786100000|  0%| F|  |TAMS 0x0000000786000000, 0x0000000786000000| Untracked 
|  97|0x0000000786100000, 0x0000000786100000, 0x0000000786200000|  0%| F|  |TAMS 0x0000000786100000, 0x0000000786100000| Untracked 
|  98|0x0000000786200000, 0x0000000786200000, 0x0000000786300000|  0%| F|  |TAMS 0x0000000786200000, 0x0000000786200000| Untracked 
|  99|0x0000000786300000, 0x0000000786300000, 0x0000000786400000|  0%| F|  |TAMS 0x0000000786300000, 0x0000000786300000| Untracked 
| 100|0x0000000786400000, 0x0000000786400000, 0x0000000786500000|  0%| F|  |TAMS 0x0000000786400000, 0x0000000786400000| Untracked 
| 101|0x0000000786500000, 0x0000000786500000, 0x0000000786600000|  0%| F|  |TAMS 0x0000000786500000, 0x0000000786500000| Untracked 
| 102|0x0000000786600000, 0x0000000786600000, 0x0000000786700000|  0%| F|  |TAMS 0x0000000786600000, 0x0000000786600000| Untracked 
| 103|0x0000000786700000, 0x0000000786700000, 0x0000000786800000|  0%| F|  |TAMS 0x0000000786700000, 0x0000000786700000| Untracked 
| 104|0x0000000786800000, 0x0000000786800000, 0x0000000786900000|  0%| F|  |TAMS 0x0000000786800000, 0x0000000786800000| Untracked 
| 105|0x0000000786900000, 0x0000000786976458, 0x0000000786a00000| 46%| E|  |TAMS 0x0000000786900000, 0x0000000786900000| Complete 
| 106|0x0000000786a00000, 0x0000000786b00000, 0x0000000786b00000|100%| E|CS|TAMS 0x0000000786a00000, 0x0000000786a00000| Complete 
| 107|0x0000000786b00000, 0x0000000786c00000, 0x0000000786c00000|100%| E|CS|TAMS 0x0000000786b00000, 0x0000000786b00000| Complete 
| 108|0x0000000786c00000, 0x0000000786d00000, 0x0000000786d00000|100%| E|CS|TAMS 0x0000000786c00000, 0x0000000786c00000| Complete 
| 109|0x0000000786d00000, 0x0000000786e00000, 0x0000000786e00000|100%| E|CS|TAMS 0x0000000786d00000, 0x0000000786d00000| Complete 
| 110|0x0000000786e00000, 0x0000000786f00000, 0x0000000786f00000|100%| E|CS|TAMS 0x0000000786e00000, 0x0000000786e00000| Complete 
| 111|0x0000000786f00000, 0x0000000787000000, 0x0000000787000000|100%| E|CS|TAMS 0x0000000786f00000, 0x0000000786f00000| Complete 
| 112|0x0000000787000000, 0x0000000787100000, 0x0000000787100000|100%| E|CS|TAMS 0x0000000787000000, 0x0000000787000000| Complete 
| 113|0x0000000787100000, 0x0000000787200000, 0x0000000787200000|100%| E|CS|TAMS 0x0000000787100000, 0x0000000787100000| Complete 
| 114|0x0000000787200000, 0x0000000787300000, 0x0000000787300000|100%| E|CS|TAMS 0x0000000787200000, 0x0000000787200000| Complete 
| 115|0x0000000787300000, 0x0000000787400000, 0x0000000787400000|100%| E|CS|TAMS 0x0000000787300000, 0x0000000787300000| Complete 
| 116|0x0000000787400000, 0x0000000787500000, 0x0000000787500000|100%| E|CS|TAMS 0x0000000787400000, 0x0000000787400000| Complete 
| 117|0x0000000787500000, 0x0000000787600000, 0x0000000787600000|100%| E|CS|TAMS 0x0000000787500000, 0x0000000787500000| Complete 
| 118|0x0000000787600000, 0x0000000787700000, 0x0000000787700000|100%| E|CS|TAMS 0x0000000787600000, 0x0000000787600000| Complete 
| 119|0x0000000787700000, 0x0000000787800000, 0x0000000787800000|100%| E|CS|TAMS 0x0000000787700000, 0x0000000787700000| Complete 
| 120|0x0000000787800000, 0x0000000787900000, 0x0000000787900000|100%| E|CS|TAMS 0x0000000787800000, 0x0000000787800000| Complete 
| 121|0x0000000787900000, 0x0000000787a00000, 0x0000000787a00000|100%| E|CS|TAMS 0x0000000787900000, 0x0000000787900000| Complete 
| 122|0x0000000787a00000, 0x0000000787b00000, 0x0000000787b00000|100%| E|CS|TAMS 0x0000000787a00000, 0x0000000787a00000| Complete 
| 123|0x0000000787b00000, 0x0000000787c00000, 0x0000000787c00000|100%| E|  |TAMS 0x0000000787b00000, 0x0000000787b00000| Complete 
| 124|0x0000000787c00000, 0x0000000787d00000, 0x0000000787d00000|100%| E|CS|TAMS 0x0000000787c00000, 0x0000000787c00000| Complete 
| 125|0x0000000787d00000, 0x0000000787e00000, 0x0000000787e00000|100%| E|CS|TAMS 0x0000000787d00000, 0x0000000787d00000| Complete 
| 126|0x0000000787e00000, 0x0000000787f00000, 0x0000000787f00000|100%| E|CS|TAMS 0x0000000787e00000, 0x0000000787e00000| Complete 
| 127|0x0000000787f00000, 0x0000000788000000, 0x0000000788000000|100%| E|CS|TAMS 0x0000000787f00000, 0x0000000787f00000| Complete 
|2046|0x00000007ffe00000, 0x00000007ffe78000, 0x00000007fff00000| 46%|OA|  |TAMS 0x00000007ffe00000, 0x00000007ffe00000| Untracked 
|2047|0x00000007fff00000, 0x00000007fff80000, 0x0000000800000000| 50%|CA|  |TAMS 0x00000007fff00000, 0x00000007fff00000| Untracked 

Card table byte_map: [0x00000001116f4000,0x0000000111af4000] _byte_map_base: 0x000000010daf4000

Marking Bits (Prev, Next): (CMBitMap*) 0x0000000148808c10, (CMBitMap*) 0x0000000148808c50
 Prev Bits: [0x0000000111ef4000, 0x0000000113ef4000)
 Next Bits: [0x0000000113ef4000, 0x0000000115ef4000)

Polling page: 0x0000000104bd8000

Metaspace:

Usage:
  Non-class:      3.37 MB used.
      Class:    477.05 KB used.
       Both:      3.83 MB used.

Virtual space:
  Non-class space:        8.00 MB reserved,       3.44 MB ( 43%) committed,  1 nodes.
      Class space:        1.00 GB reserved,     512.00 KB ( <1%) committed,  1 nodes.
             Both:        1.01 GB reserved,       3.94 MB ( <1%) committed. 

Chunk freelists:
   Non-Class:  3.92 MB
       Class:  3.51 MB
        Both:  7.43 MB

MaxMetaspaceSize: unlimited
CompressedClassSpaceSize: 1.00 GB
Initial GC threshold: 21.00 MB
Current GC threshold: 21.00 MB
CDS: on
MetaspaceReclaimPolicy: balanced
 - commit_granule_bytes: 65536.
 - commit_granule_words: 8192.
 - virtual_space_node_default_size: 1048576.
 - enlarge_chunks_in_place: 1.
 - new_chunks_are_fully_committed: 0.
 - uncommit_free_chunks: 1.
 - use_allocation_guard: 0.
 - handle_deallocations: 1.


Internal statistics:

num_allocs_failed_limit: 0.
num_arena_births: 66.
num_arena_deaths: 0.
num_vsnodes_births: 2.
num_vsnodes_deaths: 0.
num_space_committed: 63.
num_space_uncommitted: 0.
num_chunks_returned_to_freelist: 0.
num_chunks_taken_from_freelist: 89.
num_chunk_merges: 0.
num_chunk_splits: 47.
num_chunks_enlarged: 15.
num_purges: 0.
num_inconsistent_stats: 0.

CodeCache: size=49152Kb used=3159Kb max_used=3159Kb free=45992Kb
 bounds [0x000000010e2f4000, 0x000000010e614000, 0x00000001112f4000]
 total_blobs=1519 nmethods=1089 adapters=362
 compilation: enabled
              stopped_count=0, restarted_count=0
 full_count=0

Compilation events (20 events):
Event: 1.704 Thread 0x00000001488b0a00 1065       1       jdk.internal.org.objectweb.asm.SymbolTable::getConstantPoolCount (5 bytes)
Event: 1.704 Thread 0x00000001488b0a00 nmethod 1065 0x000000010e5fe790 code [0x000000010e5fe900, 0x000000010e5fe998]
Event: 1.705 Thread 0x00000001488b0a00 1068       1       jdk.internal.jimage.ImageLocation::readValue (61 bytes)
Event: 1.705 Thread 0x00000001488b0a00 nmethod 1068 0x000000010e5fee10 code [0x000000010e5fefc0, 0x000000010e5ff198]
Event: 1.705 Thread 0x00000001488b0a00 1070       1       jdk.internal.jimage.ImageHeader::getTableLength (5 bytes)
Event: 1.705 Thread 0x00000001488b0a00 nmethod 1070 0x000000010e5ff390 code [0x000000010e5ff500, 0x000000010e5ff598]
Event: 1.705 Thread 0x00000001488b0a00 1071   !   1       java.util.jar.JarFile::isMultiRelease (33 bytes)
Event: 1.705 Thread 0x00000001488b0a00 nmethod 1071 0x000000010e5ff690 code [0x000000010e5ff840, 0x000000010e5ff9b8]
Event: 1.705 Thread 0x00000001488b0a00 1072       1       java.util.jar.JarFile::getEntry (35 bytes)
Event: 1.705 Thread 0x00000001488b0a00 nmethod 1072 0x000000010e5ffb10 code [0x000000010e5ffcc0, 0x000000010e5ffed8]
Event: 1.706 Thread 0x00000001488b0a00 1076       1       java.lang.invoke.MemberName::checkForTypeAlias (172 bytes)
Event: 1.706 Thread 0x00000001488b0a00 nmethod 1076 0x000000010e600a90 code [0x000000010e600dc0, 0x000000010e601918]
Event: 1.706 Thread 0x00000001488b0a00 1078       1       java.lang.invoke.LambdaForm$Name::initIndex (26 bytes)
Event: 1.706 Thread 0x00000001488b0a00 nmethod 1078 0x000000010e602910 code [0x000000010e602ac0, 0x000000010e602bd8]
Event: 1.706 Thread 0x00000001488b0a00 1077       1       java.lang.invoke.MemberName::getInvocationType (56 bytes)
Event: 1.706 Thread 0x00000001488b0a00 nmethod 1077 0x000000010e602d10 code [0x000000010e602f00, 0x000000010e603278]
Event: 1.709 Thread 0x00000001488b0a00 1079       1       sun.invoke.util.Wrapper::forBasicType (16 bytes)
Event: 1.709 Thread 0x00000001488b0a00 nmethod 1079 0x000000010e604510 code [0x000000010e6046c0, 0x000000010e6047b8]
Event: 1.709 Thread 0x00000001488b0a00 1080       1       java.lang.StringBuilder::<init> (6 bytes)
Event: 1.709 Thread 0x00000001488b0a00 nmethod 1080 0x000000010e604c10 code [0x000000010e604dc0, 0x000000010e604eb8]

GC Heap History (0 events):
No events

Deoptimization events (6 events):
Event: 1.644 Thread 0x000000014900fe00 DEOPT PACKING pc=0x000000010e528c98 sp=0x000000016b63c9a0
Event: 1.644 Thread 0x000000014900fe00 DEOPT UNPACKING pc=0x000000010e332b7c sp=0x000000016b63c690 mode 3
Event: 1.649 Thread 0x000000014900fe00 DEOPT PACKING pc=0x000000010e4f398c sp=0x000000016b63da20
Event: 1.649 Thread 0x000000014900fe00 DEOPT UNPACKING pc=0x000000010e332b7c sp=0x000000016b63d790 mode 3
Event: 1.679 Thread 0x000000014900fe00 DEOPT PACKING pc=0x000000010e5aa674 sp=0x000000016b63c3c0
Event: 1.679 Thread 0x000000014900fe00 DEOPT UNPACKING pc=0x000000010e332b7c sp=0x000000016b63c080 mode 3

Classes unloaded (0 events):
No events

Classes redefined (9 events):
Event: 1.686 Thread 0x0000000148617a10 redefined class name=java.io.FileInputStream, count=1
Event: 1.686 Thread 0x0000000148617a10 redefined class name=java.io.FileOutputStream, count=1
Event: 1.686 Thread 0x0000000148617a10 redefined class name=java.io.RandomAccessFile, count=1
Event: 1.686 Thread 0x0000000148617a10 redefined class name=sun.nio.ch.FileChannelImpl, count=1
Event: 1.686 Thread 0x0000000148617a10 redefined class name=java.net.Socket$SocketInputStream, count=1
Event: 1.686 Thread 0x0000000148617a10 redefined class name=java.net.Socket$SocketOutputStream, count=1
Event: 1.686 Thread 0x0000000148617a10 redefined class name=sun.nio.ch.SocketChannelImpl, count=1
Event: 1.686 Thread 0x0000000148617a10 redefined class name=java.lang.Throwable, count=1
Event: 1.686 Thread 0x0000000148617a10 redefined class name=java.lang.Error, count=2

Internal exceptions (20 events):
Event: 1.646 Thread 0x000000014900fe00 Exception <a 'java/lang/ClassNotFoundException'{0x00000007874c4c58}: jdk/jfr/internal/handlers/EventHandler1468_1718055816655-29757> (0x00000007874c4c58) 
thrown [open/src/hotspot/share/classfile/systemDictionary.cpp, line 256]
Event: 1.647 Thread 0x000000014900fe00 Exception <a 'java/lang/ClassNotFoundException'{0x00000007874cf6d8}: jdk/jfr/internal/handlers/EventHandler1470_1718055816655-29757> (0x00000007874cf6d8) 
thrown [open/src/hotspot/share/classfile/systemDictionary.cpp, line 256]
Event: 1.647 Thread 0x000000014900fe00 Exception <a 'java/lang/ClassNotFoundException'{0x00000007874dba68}: jdk/jfr/internal/handlers/EventHandler1472_1718055816655-29757> (0x00000007874dba68) 
thrown [open/src/hotspot/share/classfile/systemDictionary.cpp, line 256]
Event: 1.648 Thread 0x000000014900fe00 Exception <a 'java/lang/ClassNotFoundException'{0x00000007874fe328}: jdk/jfr/internal/handlers/EventHandler1474_1718055816655-29757> (0x00000007874fe328) 
thrown [open/src/hotspot/share/classfile/systemDictionary.cpp, line 256]
Event: 1.649 Thread 0x000000014900fe00 Exception <a 'java/lang/ClassNotFoundException'{0x00000007873108a0}: jdk/jfr/internal/handlers/EventHandler1476_1718055816655-29757> (0x00000007873108a0) 
thrown [open/src/hotspot/share/classfile/systemDictionary.cpp, line 256]
Event: 1.649 Thread 0x000000014900fe00 Exception <a 'java/lang/ClassNotFoundException'{0x0000000787320898}: jdk/jfr/internal/handlers/EventHandler1478_1718055816655-29757> (0x0000000787320898) 
thrown [open/src/hotspot/share/classfile/systemDictionary.cpp, line 256]
Event: 1.649 Thread 0x000000014900fe00 Exception <a 'java/lang/ClassNotFoundException'{0x000000078732d7e8}: jdk/jfr/internal/handlers/EventHandler1480_1718055816655-29757> (0x000000078732d7e8) 
thrown [open/src/hotspot/share/classfile/systemDictionary.cpp, line 256]
Event: 1.650 Thread 0x000000014900fe00 Exception <a 'java/lang/ClassNotFoundException'{0x0000000787354ae8}: jdk/jfr/internal/handlers/EventHandler1482_1718055816655-29757> (0x0000000787354ae8) 
thrown [open/src/hotspot/share/classfile/systemDictionary.cpp, line 256]
Event: 1.651 Thread 0x000000014900fe00 Exception <a 'java/lang/ClassNotFoundException'{0x00000007873691f8}: jdk/jfr/internal/handlers/EventHandler1484_1718055816655-29757> (0x00000007873691f8) 
thrown [open/src/hotspot/share/classfile/systemDictionary.cpp, line 256]
Event: 1.652 Thread 0x000000014900fe00 Exception <a 'java/lang/ClassNotFoundException'{0x0000000787381ab8}: jdk/jfr/internal/handlers/EventHandler1486_1718055816655-29757> (0x0000000787381ab8) 
thrown [open/src/hotspot/share/classfile/systemDictionary.cpp, line 256]
Event: 1.652 Thread 0x000000014900fe00 Exception <a 'java/lang/ClassNotFoundException'{0x0000000787391cc0}: jdk/jfr/internal/handlers/EventHandler1489_1718055816655-29757> (0x0000000787391cc0) 
thrown [open/src/hotspot/share/classfile/systemDictionary.cpp, line 256]
Event: 1.652 Thread 0x000000014900fe00 Exception <a 'java/lang/ClassNotFoundException'{0x000000078739d620}: jdk/jfr/internal/handlers/EventHandler1491_1718055816655-29757> (0x000000078739d620) 
thrown [open/src/hotspot/share/classfile/systemDictionary.cpp, line 256]
Event: 1.653 Thread 0x000000014900fe00 Exception <a 'java/lang/ClassNotFoundException'{0x00000007873b40a8}: jdk/jfr/internal/handlers/EventHandler1754_1718055816655-29757> (0x00000007873b40a8) 
thrown [open/src/hotspot/share/classfile/systemDictionary.cpp, line 256]
Event: 1.654 Thread 0x000000014900fe00 Exception <a 'java/lang/ClassNotFoundException'{0x00000007873c3bb8}: jdk/jfr/internal/handlers/EventHandler1757_1718055816655-29757> (0x00000007873c3bb8) 
thrown [open/src/hotspot/share/classfile/systemDictionary.cpp, line 256]
Event: 1.654 Thread 0x000000014900fe00 Exception <a 'java/lang/ClassNotFoundException'{0x00000007873d1520}: jdk/jfr/internal/handlers/EventHandler1760_1718055816655-29757> (0x00000007873d1520) 
thrown [open/src/hotspot/share/classfile/systemDictionary.cpp, line 256]
Event: 1.655 Thread 0x000000014900fe00 Exception <a 'java/lang/ClassNotFoundException'{0x00000007873df5a0}: jdk/jfr/internal/handlers/EventHandler1763_1718055816655-29757> (0x00000007873df5a0) 
thrown [open/src/hotspot/share/classfile/systemDictionary.cpp, line 256]
Event: 1.655 Thread 0x000000014900fe00 Exception <a 'java/lang/ClassNotFoundException'{0x00000007873ebcb0}: jdk/jfr/internal/handlers/EventHandler1766_1718055816655-29757> (0x00000007873ebcb0) 
thrown [open/src/hotspot/share/classfile/systemDictionary.cpp, line 256]
Event: 1.688 Thread 0x000000014900fe00 Exception <a 'java/lang/NoSuchMethodError'{0x0000000786de8dc0}: 'void java.lang.invoke.DirectMethodHandle$Holder.invokeStatic(java.lang.Object, java.lang.Object, int)'> (0x0000000786de8dc0) 
thrown [open/src/hotspot/share/interpreter/linkResolver.cpp, line 759]
Event: 1.688 Thread 0x000000014900fe00 Exception <a 'java/lang/NoSuchMethodError'{0x0000000786def0c0}: 'java.lang.Object java.lang.invoke.DirectMethodHandle$Holder.newInvokeSpecial(java.lang.Object, java.lang.Object, int)'> (0x0000000786def0c0) 
thrown [open/src/hotspot/share/interpreter/linkResolver.cpp, line 759]
Event: 1.693 Thread 0x000000014900fe00 Exception <a 'java/lang/NoSuchMethodError'{0x0000000786c2e498}: 'void java.lang.invoke.DirectMethodHandle$Holder.invokeSpecial(java.lang.Object, java.lang.Object, java.lang.Object)'> (0x0000000786c2e498) 
thrown [open/src/hotspot/share/interpreter/linkResolver.cpp, line 759]

VM Operations (16 events):
Event: 1.534 Executing VM operation: HandshakeAllThreads
Event: 1.534 Executing VM operation: HandshakeAllThreads done
Event: 1.571 Executing VM operation: HandshakeAllThreads
Event: 1.571 Executing VM operation: HandshakeAllThreads done
Event: 1.584 Executing VM operation: HandshakeAllThreads
Event: 1.584 Executing VM operation: HandshakeAllThreads done
Event: 1.641 Executing VM operation: ICBufferFull
Event: 1.641 Executing VM operation: ICBufferFull done
Event: 1.684 Executing VM operation: ICBufferFull
Event: 1.685 Executing VM operation: ICBufferFull done
Event: 1.685 Executing VM operation: RedefineClasses
Event: 1.687 Executing VM operation: RedefineClasses done
Event: 1.692 Executing VM operation: HandshakeAllThreads
Event: 1.692 Executing VM operation: HandshakeAllThreads done
Event: 1.699 Executing VM operation: JFRCheckpoint
Event: 1.699 Executing VM operation: JFRCheckpoint done

Events (20 events):
Event: 1.706 loading class java/net/InetAddress$Addresses
Event: 1.706 loading class java/net/InetAddress$Addresses done
Event: 1.706 loading class java/net/InetAddress$NameServiceAddresses done
Event: 1.707 loading class sun/net/InetAddressCachePolicy
Event: 1.707 loading class sun/net/InetAddressCachePolicy done
Event: 1.707 loading class sun/net/InetAddressCachePolicy$1
Event: 1.707 loading class sun/net/InetAddressCachePolicy$1 done
Event: 1.707 loading class sun/net/InetAddressCachePolicy$2
Event: 1.707 loading class sun/net/InetAddressCachePolicy$2 done
Event: 1.707 loading class java/net/InetAddress$CachedAddresses
Event: 1.707 loading class java/net/InetAddress$CachedAddresses done
Event: 1.709 loading class java/util/concurrent/atomic/Striped64$1
Event: 1.709 loading class java/util/concurrent/atomic/Striped64$1 done
Event: 1.709 loading class java/lang/management/ManagementFactory
Event: 1.709 loading class java/lang/management/ManagementFactory done
Event: 1.709 Loaded shared library /Library/Java/JavaVirtualMachines/jdk-17.jdk/Contents/Home/lib/libmanagement.dylib
Event: 1.709 loading class javax/management/MBeanServerFactory
Event: 1.709 loading class javax/management/MBeanServerFactory done
Event: 1.709 loading class com/sun/jmx/mbeanserver/GetPropertyAction
Event: 1.709 loading class com/sun/jmx/mbeanserver/GetPropertyAction done


Dynamic libraries:
0x0000000104b88000 	/Library/Java/JavaVirtualMachines/jdk-17.jdk/Contents/Home/lib/libjli.dylib
0x00000001b5d6a000 	/System/Library/Frameworks/Cocoa.framework/Versions/A/Cocoa
0x00000001a1f84000 	/System/Library/Frameworks/AppKit.framework/Versions/C/AppKit
0x00000001a5497000 	/System/Library/Frameworks/CoreData.framework/Versions/A/CoreData
0x00000001a02df000 	/System/Library/Frameworks/Foundation.framework/Versions/C/Foundation
0x00000001a9ef1000 	/usr/lib/libSystem.B.dylib
0x00000001a2e3c000 	/System/Library/PrivateFrameworks/UIFoundation.framework/Versions/A/UIFoundation
0x00000001aff3e000 	/System/Library/PrivateFrameworks/RemoteViewServices.framework/Versions/A/RemoteViewServices
0x00000001a83b1000 	/System/Library/PrivateFrameworks/XCTTargetBootstrap.framework/Versions/A/XCTTargetBootstrap
0x00000001abc31000 	/System/Library/PrivateFrameworks/InternationalSupport.framework/Versions/A/InternationalSupport
0x00000001abcba000 	/System/Library/PrivateFrameworks/UserActivity.framework/Versions/A/UserActivity
0x00000001ab128000 	/usr/lib/libspindump.dylib
0x00000001a30ad000 	/System/Library/Frameworks/UniformTypeIdentifiers.framework/Versions/A/UniformTypeIdentifiers
0x00000001a68fb000 	/usr/lib/libapp_launch_measurement.dylib
0x00000001a5e22000 	/System/Library/PrivateFrameworks/CoreAnalytics.framework/Versions/A/CoreAnalytics
0x00000001a68fe000 	/System/Library/PrivateFrameworks/CoreAutoLayout.framework/Versions/A/CoreAutoLayout
0x00000001a7ca2000 	/System/Library/Frameworks/Metal.framework/Versions/A/Metal
0x00000001a8a19000 	/usr/lib/liblangid.dylib
0x00000001a83b6000 	/System/Library/PrivateFrameworks/CoreSVG.framework/Versions/A/CoreSVG
0x00000001a4544000 	/System/Library/PrivateFrameworks/SkyLight.framework/Versions/A/SkyLight
0x00000001a491d000 	/System/Library/Frameworks/CoreGraphics.framework/Versions/A/CoreGraphics
0x00000001b060a000 	/System/Library/Frameworks/Accelerate.framework/Versions/A/Accelerate
0x00000001aab9f000 	/System/Library/PrivateFrameworks/IconServices.framework/Versions/A/IconServices
0x00000001a7c84000 	/System/Library/Frameworks/IOSurface.framework/Versions/A/IOSurface
0x00000001a5e53000 	/usr/lib/libDiagnosticMessagesClient.dylib
0x00000001a9e3a000 	/usr/lib/libz.1.dylib
0x00000001b3b0b000 	/System/Library/Frameworks/ApplicationServices.framework/Versions/A/ApplicationServices
0x00000001a8399000 	/System/Library/PrivateFrameworks/DFRFoundation.framework/Versions/A/DFRFoundation
0x00000001a1814000 	/usr/lib/libicucore.A.dylib
0x00000001acade000 	/System/Library/Frameworks/AudioToolbox.framework/Versions/A/AudioToolbox
0x00000001abc3d000 	/System/Library/PrivateFrameworks/DataDetectorsCore.framework/Versions/A/DataDetectorsCore
0x00000001c2637000 	/System/Library/PrivateFrameworks/TextInput.framework/Versions/A/TextInput
0x00000001a44b9000 	/usr/lib/libMobileGestalt.dylib
0x00000001a8065000 	/System/Library/Frameworks/Carbon.framework/Versions/A/Frameworks/HIToolbox.framework/Versions/A/HIToolbox
0x00000001a62d3000 	/System/Library/Frameworks/QuartzCore.framework/Versions/A/QuartzCore
0x00000001a1495000 	/System/Library/Frameworks/Security.framework/Versions/A/Security
0x00000001aff7e000 	/System/Library/Frameworks/Carbon.framework/Versions/A/Frameworks/SpeechRecognition.framework/Versions/A/SpeechRecognition
0x00000001a6651000 	/System/Library/PrivateFrameworks/CoreUI.framework/Versions/A/CoreUI
0x00000001a0d71000 	/System/Library/Frameworks/CoreAudio.framework/Versions/A/CoreAudio
0x00000001a5f47000 	/System/Library/Frameworks/DiskArbitration.framework/Versions/A/DiskArbitration
0x00000001ab532000 	/System/Library/PrivateFrameworks/MultitouchSupport.framework/Versions/A/MultitouchSupport
0x00000001a44b7000 	/usr/lib/libenergytrace.dylib
0x00000001a1e4c000 	/System/Library/Frameworks/IOKit.framework/Versions/A/IOKit
0x00000001b036d000 	/System/Library/Frameworks/CoreServices.framework/Versions/A/CoreServices
0x00000001a688b000 	/System/Library/PrivateFrameworks/PerformanceAnalysis.framework/Versions/A/PerformanceAnalysis
0x0000000200a6f000 	/System/Library/Frameworks/OpenGL.framework/Versions/A/OpenGL
0x00000001a948c000 	/System/Library/PrivateFrameworks/MobileKeyBag.framework/Versions/A/MobileKeyBag
0x000000019f213000 	/usr/lib/libobjc.A.dylib
0x00000001a4f2b000 	/System/Library/Frameworks/ColorSync.framework/Versions/A/ColorSync
0x000000019f3dc000 	/System/Library/Frameworks/CoreFoundation.framework/Versions/A/CoreFoundation
0x00000001a8635000 	/System/Library/Frameworks/CoreImage.framework/Versions/A/CoreImage
0x00000001a0b95000 	/System/Library/Frameworks/CoreText.framework/Versions/A/CoreText
0x00000001a83e6000 	/System/Library/Frameworks/ImageIO.framework/Versions/A/ImageIO
0x00000001a9ef7000 	/System/Library/PrivateFrameworks/SoftLinking.framework/Versions/A/SoftLinking
0x00000001a6949000 	/usr/lib/libxml2.2.dylib
0x000000019f2d6000 	/usr/lib/libc++.1.dylib
0x00000001aa190000 	/usr/lib/libcompression.dylib
0x00000001abb8d000 	/System/Library/PrivateFrameworks/TextureIO.framework/Versions/A/TextureIO
0x00000001aa8b8000 	/usr/lib/libate.dylib
0x00000001a9eeb000 	/usr/lib/system/libcache.dylib
0x00000001a9ea9000 	/usr/lib/system/libcommonCrypto.dylib
0x00000001a9ed2000 	/usr/lib/system/libcompiler_rt.dylib
0x00000001a9ec9000 	/usr/lib/system/libcopyfile.dylib
0x000000019f117000 	/usr/lib/system/libcorecrypto.dylib
0x000000019f1cc000 	/usr/lib/system/libdispatch.dylib
0x000000019f39a000 	/usr/lib/system/libdyld.dylib
0x00000001a9ee1000 	/usr/lib/system/libkeymgr.dylib
0x00000001a9e84000 	/usr/lib/system/libmacho.dylib
0x00000001a9574000 	/usr/lib/system/libquarantine.dylib
0x00000001a9ede000 	/usr/lib/system/libremovefile.dylib
0x00000001a4510000 	/usr/lib/system/libsystem_asl.dylib
0x000000019f0b9000 	/usr/lib/system/libsystem_blocks.dylib
0x000000019f254000 	/usr/lib/system/libsystem_c.dylib
0x00000001a9ed6000 	/usr/lib/system/libsystem_collections.dylib
0x00000001a8a09000 	/usr/lib/system/libsystem_configuration.dylib
0x00000001a7c65000 	/usr/lib/system/libsystem_containermanager.dylib
0x00000001a9be1000 	/usr/lib/system/libsystem_coreservices.dylib
0x00000001a1aca000 	/usr/lib/system/libsystem_darwin.dylib
0x00000001a9ee2000 	/usr/lib/system/libsystem_dnssd.dylib
0x000000019f251000 	/usr/lib/system/libsystem_featureflags.dylib
0x000000019f3af000 	/usr/lib/system/libsystem_info.dylib
0x00000001a9e4c000 	/usr/lib/system/libsystem_m.dylib
0x000000019f1a1000 	/usr/lib/system/libsystem_malloc.dylib
0x00000001a449e000 	/usr/lib/system/libsystem_networkextension.dylib
0x00000001a1f23000 	/usr/lib/system/libsystem_notify.dylib
0x00000001b0244000 	/usr/lib/system/libsystem_product_info_filter.dylib
0x00000001a8a0e000 	/usr/lib/system/libsystem_sandbox.dylib
0x00000001a9edb000 	/usr/lib/system/libsystem_secinit.dylib
0x000000019f355000 	/usr/lib/system/libsystem_kernel.dylib
0x000000019f3a7000 	/usr/lib/system/libsystem_platform.dylib
0x000000019f38d000 	/usr/lib/system/libsystem_pthread.dylib
0x00000001a5c70000 	/usr/lib/system/libsystem_symptoms.dylib
0x000000019f0fd000 	/usr/lib/system/libsystem_trace.dylib
0x00000001a9eb6000 	/usr/lib/system/libunwind.dylib
0x000000019f0bb000 	/usr/lib/system/libxpc.dylib
0x000000019f33d000 	/usr/lib/libc++abi.dylib
0x00000001a9ec1000 	/usr/lib/liboah.dylib
0x00000001aa77d000 	/usr/lib/liblzma.5.dylib
0x000000019ffd2000 	/System/Library/Frameworks/SystemConfiguration.framework/Versions/A/SystemConfiguration
0x00000001a9ef3000 	/usr/lib/libfakelink.dylib
0x00000001a3fe9000 	/System/Library/Frameworks/CFNetwork.framework/Versions/A/CFNetwork
0x00000001aa039000 	/usr/lib/libarchive.2.dylib
0x00000001a8a15000 	/System/Library/PrivateFrameworks/AppleSystemInfo.framework/Versions/A/AppleSystemInfo
0x00000001a959f000 	/usr/lib/libbsm.0.dylib
0x00000001a3556000 	/usr/lib/libnetwork.dylib
0x00000001a9e8d000 	/usr/lib/system/libkxld.dylib
0x00000001a91b9000 	/System/Library/PrivateFrameworks/IOMobileFramebuffer.framework/Versions/A/IOMobileFramebuffer
0x000000021e738000 	/usr/lib/libCoreEntitlements.dylib
0x00000001a9bc3000 	/System/Library/PrivateFrameworks/AppleFSCompression.framework/Versions/A/AppleFSCompression
0x00000001a9587000 	/usr/lib/libcoretls.dylib
0x00000001aa796000 	/usr/lib/libcoretls_cfhelpers.dylib
0x00000001aa18b000 	/usr/lib/libpam.2.dylib
0x00000001a5887000 	/usr/lib/libsqlite3.dylib
0x00000001aa7ff000 	/usr/lib/libxar.1.dylib
0x00000001a9bd4000 	/usr/lib/libbz2.1.0.dylib
0x00000001a9ef8000 	/usr/lib/libpcap.A.dylib
0x00000001a5c67000 	/usr/lib/libdns_services.dylib
0x00000001aa15e000 	/usr/lib/libapple_nghttp2.dylib
0x00000001a9f35000 	/usr/lib/libiconv.2.dylib
0x00000001a9e83000 	/usr/lib/libcharset.1.dylib
0x00000001a68c7000 	/System/Library/Frameworks/CoreServices.framework/Versions/A/Frameworks/FSEvents.framework/Versions/A/FSEvents
0x00000001a1ad5000 	/System/Library/Frameworks/CoreServices.framework/Versions/A/Frameworks/CarbonCore.framework/Versions/A/CarbonCore
0x00000001a5ea7000 	/System/Library/Frameworks/CoreServices.framework/Versions/A/Frameworks/Metadata.framework/Versions/A/Metadata
0x00000001a9be7000 	/System/Library/Frameworks/CoreServices.framework/Versions/A/Frameworks/OSServices.framework/Versions/A/OSServices
0x00000001aa0bf000 	/System/Library/Frameworks/CoreServices.framework/Versions/A/Frameworks/SearchKit.framework/Versions/A/SearchKit
0x00000001a5bf6000 	/System/Library/Frameworks/CoreServices.framework/Versions/A/Frameworks/AE.framework/Versions/A/AE
0x000000019f923000 	/System/Library/Frameworks/CoreServices.framework/Versions/A/Frameworks/LaunchServices.framework/Versions/A/LaunchServices
0x00000001aa726000 	/System/Library/Frameworks/CoreServices.framework/Versions/A/Frameworks/DictionaryServices.framework/Versions/A/DictionaryServices
0x00000001a68d4000 	/System/Library/Frameworks/CoreServices.framework/Versions/A/Frameworks/SharedFileList.framework/Versions/A/SharedFileList
0x00000001a9577000 	/usr/lib/libCheckFix.dylib
0x00000001a4528000 	/System/Library/PrivateFrameworks/TCC.framework/Versions/A/TCC
0x00000001a8a1b000 	/System/Library/PrivateFrameworks/CoreNLP.framework/Versions/A/CoreNLP
0x00000001a5e56000 	/System/Library/PrivateFrameworks/MetadataUtilities.framework/Versions/A/MetadataUtilities
0x00000001a008c000 	/usr/lib/libmecabra.dylib
0x00000001a95b0000 	/usr/lib/libmecab.dylib
0x00000001a0058000 	/usr/lib/libCRFSuite.dylib
0x00000001a960d000 	/usr/lib/libgermantok.dylib
0x00000001aa137000 	/usr/lib/libThaiTokenizer.dylib
0x00000001a5f4f000 	/System/Library/Frameworks/Accelerate.framework/Versions/A/Frameworks/vImage.framework/Versions/A/vImage
0x00000001b0344000 	/System/Library/Frameworks/Accelerate.framework/Versions/A/Frameworks/vecLib.framework/Versions/A/vecLib
0x00000001aa844000 	/System/Library/Frameworks/Accelerate.framework/Versions/A/Frameworks/vecLib.framework/Versions/A/libvMisc.dylib
0x00000001a90c0000 	/System/Library/Frameworks/Accelerate.framework/Versions/A/Frameworks/vecLib.framework/Versions/A/libvDSP.dylib
0x000000019fcad000 	/System/Library/Frameworks/Accelerate.framework/Versions/A/Frameworks/vecLib.framework/Versions/A/libBLAS.dylib
0x00000001aa261000 	/System/Library/Frameworks/Accelerate.framework/Versions/A/Frameworks/vecLib.framework/Versions/A/libLAPACK.dylib
0x00000001a9610000 	/System/Library/Frameworks/Accelerate.framework/Versions/A/Frameworks/vecLib.framework/Versions/A/libLinearAlgebra.dylib
0x00000001aa176000 	/System/Library/Frameworks/Accelerate.framework/Versions/A/Frameworks/vecLib.framework/Versions/A/libSparseBLAS.dylib
0x00000001aa25c000 	/System/Library/Frameworks/Accelerate.framework/Versions/A/Frameworks/vecLib.framework/Versions/A/libQuadrature.dylib
0x00000001a8b14000 	/System/Library/Frameworks/Accelerate.framework/Versions/A/Frameworks/vecLib.framework/Versions/A/libBNNS.dylib
0x000000019ff6b000 	/System/Library/Frameworks/Accelerate.framework/Versions/A/Frameworks/vecLib.framework/Versions/A/libSparse.dylib
0x00000001a8b0c000 	/System/Library/PrivateFrameworks/LinguisticData.framework/Versions/A/LinguisticData
0x000000019ff23000 	/System/Library/PrivateFrameworks/Lexicon.framework/Versions/A/Lexicon
0x00000001aa83c000 	/usr/lib/libChineseTokenizer.dylib
0x00000001a06d1000 	/System/Library/PrivateFrameworks/LanguageModeling.framework/Versions/A/LanguageModeling
0x00000001aa139000 	/System/Library/PrivateFrameworks/AppleSauce.framework/Versions/A/AppleSauce
0x00000001a91a6000 	/System/Library/PrivateFrameworks/CoreEmoji.framework/Versions/A/CoreEmoji
0x00000001aa027000 	/usr/lib/libcmph.dylib
0x00000001a68a7000 	/System/Library/Frameworks/OpenDirectory.framework/Versions/A/Frameworks/CFOpenDirectory.framework/Versions/A/CFOpenDirectory
0x00000001a6897000 	/System/Library/Frameworks/OpenDirectory.framework/Versions/A/OpenDirectory
0x00000001aa798000 	/System/Library/PrivateFrameworks/APFS.framework/Versions/A/APFS
0x00000001a94c7000 	/System/Library/Frameworks/SecurityFoundation.framework/Versions/A/SecurityFoundation
0x00000001aa80e000 	/usr/lib/libutil.dylib
0x00000001a1e0e000 	/System/Library/PrivateFrameworks/CoreServicesStore.framework/Versions/A/CoreServicesStore
0x00000001aa812000 	/usr/lib/libxslt.1.dylib
0x00000001a955b000 	/System/Library/PrivateFrameworks/BackgroundTaskManagement.framework/Versions/A/BackgroundTaskManagement
0x00000001abaae000 	/System/Library/Frameworks/ImageIO.framework/Versions/A/Resources/libRadiance.dylib
0x00000001abab7000 	/System/Library/Frameworks/ImageIO.framework/Versions/A/Resources/libJPEG.dylib
0x00000001aba0a000 	/System/Library/Frameworks/ImageIO.framework/Versions/A/Resources/libPng.dylib
0x00000001aba2c000 	/System/Library/Frameworks/ImageIO.framework/Versions/A/Resources/libTIFF.dylib
0x00000001abb12000 	/System/Library/Frameworks/ImageIO.framework/Versions/A/Resources/libGIF.dylib
0x00000001ab442000 	/System/Library/Frameworks/ImageIO.framework/Versions/A/Resources/libJP2.dylib
0x00000001aab64000 	/usr/lib/libexpat.1.dylib
0x00000001ab3fd000 	/System/Library/PrivateFrameworks/AppleJPEG.framework/Versions/A/AppleJPEG
0x00000001a7f21000 	/System/Library/PrivateFrameworks/FontServices.framework/libFontParser.dylib
0x00000001a5b9b000 	/System/Library/PrivateFrameworks/RunningBoardServices.framework/Versions/A/RunningBoardServices
0x00000001b6440000 	/System/Library/PrivateFrameworks/IOSurfaceAccelerator.framework/Versions/A/IOSurfaceAccelerator
0x00000001ab52e000 	/System/Library/PrivateFrameworks/WatchdogClient.framework/Versions/A/WatchdogClient
0x00000001a07d1000 	/System/Library/Frameworks/CoreDisplay.framework/Versions/A/CoreDisplay
0x00000001a7e0b000 	/System/Library/Frameworks/CoreMedia.framework/Versions/A/CoreMedia
0x00000001a7c98000 	/System/Library/PrivateFrameworks/IOAccelerator.framework/Versions/A/IOAccelerator
0x00000001a6a37000 	/System/Library/Frameworks/CoreVideo.framework/Versions/A/CoreVideo
0x00000001aa189000 	/System/Library/Frameworks/MetalPerformanceShaders.framework/Versions/A/MetalPerformanceShaders
0x00000001ab56d000 	/System/Library/Frameworks/VideoToolbox.framework/Versions/A/VideoToolbox
0x00000001a5adf000 	/System/Library/PrivateFrameworks/BaseBoard.framework/Versions/A/BaseBoard
0x00000001a586d000 	/System/Library/PrivateFrameworks/ProtocolBuffer.framework/Versions/A/ProtocolBuffer
0x00000001abaa9000 	/System/Library/PrivateFrameworks/GPUWrangler.framework/Versions/A/GPUWrangler
0x00000001aba89000 	/System/Library/PrivateFrameworks/IOPresentment.framework/Versions/A/IOPresentment
0x00000001abab1000 	/System/Library/PrivateFrameworks/DSExternalDisplay.framework/Versions/A/DSExternalDisplay
0x0000000200a62000 	/System/Library/Frameworks/OpenGL.framework/Versions/A/Libraries/libCoreFSCache.dylib
0x000000020b228000 	/System/Library/PrivateFrameworks/GPUCompiler.framework/Versions/31001/Libraries/libGPUCompilerUtils.dylib
0x00000001abb17000 	/System/Library/PrivateFrameworks/CMCaptureCore.framework/Versions/A/CMCaptureCore
0x00000001ab115000 	/System/Library/PrivateFrameworks/AppServerSupport.framework/Versions/A/AppServerSupport
0x00000001ad39b000 	/System/Library/PrivateFrameworks/perfdata.framework/Versions/A/perfdata
0x00000001a08f1000 	/System/Library/PrivateFrameworks/AudioToolboxCore.framework/Versions/A/AudioToolboxCore
0x00000001a7de4000 	/System/Library/PrivateFrameworks/caulk.framework/Versions/A/caulk
0x00000001acc90000 	/usr/lib/libAudioStatistics.dylib
0x00000001bec8f000 	/System/Library/PrivateFrameworks/SystemPolicy.framework/Versions/A/SystemPolicy
0x00000001acefc000 	/usr/lib/libSMC.dylib
0x00000001b5c48000 	/System/Library/Frameworks/CoreMIDI.framework/Versions/A/CoreMIDI
0x00000001ab9d8000 	/usr/lib/libAudioToolboxUtility.dylib
0x00000001badff000 	/System/Library/PrivateFrameworks/OSAServicesClient.framework/Versions/A/OSAServicesClient
0x00000001ad3a8000 	/usr/lib/libperfcheck.dylib
0x00000001bf7ab000 	/usr/lib/libmis.dylib
0x0000000200ac4000 	/System/Library/Frameworks/OpenGL.framework/Versions/A/Libraries/libGLU.dylib
0x0000000200a83000 	/System/Library/Frameworks/OpenGL.framework/Versions/A/Libraries/libGFXShared.dylib
0x0000000200c70000 	/System/Library/Frameworks/OpenGL.framework/Versions/A/Libraries/libGL.dylib
0x0000000200a8c000 	/System/Library/Frameworks/OpenGL.framework/Versions/A/Libraries/libGLImage.dylib
0x0000000200a80000 	/System/Library/Frameworks/OpenGL.framework/Versions/A/Libraries/libCVMSPluginSupport.dylib
0x0000000200a69000 	/System/Library/Frameworks/OpenGL.framework/Versions/A/Libraries/libCoreVMClient.dylib
0x00000001a8995000 	/System/Library/Frameworks/MetalPerformanceShaders.framework/Versions/A/Frameworks/MPSCore.framework/Versions/A/MPSCore
0x00000001a9b36000 	/System/Library/Frameworks/MetalPerformanceShaders.framework/Versions/A/Frameworks/MPSImage.framework/Versions/A/MPSImage
0x00000001a9625000 	/System/Library/Frameworks/MetalPerformanceShaders.framework/Versions/A/Frameworks/MPSNeuralNetwork.framework/Versions/A/MPSNeuralNetwork
0x00000001a9a5e000 	/System/Library/Frameworks/MetalPerformanceShaders.framework/Versions/A/Frameworks/MPSMatrix.framework/Versions/A/MPSMatrix
0x00000001a9837000 	/System/Library/Frameworks/MetalPerformanceShaders.framework/Versions/A/Frameworks/MPSRayIntersector.framework/Versions/A/MPSRayIntersector
0x00000001a9a8f000 	/System/Library/Frameworks/MetalPerformanceShaders.framework/Versions/A/Frameworks/MPSNDArray.framework/Versions/A/MPSNDArray
0x0000000202e8b000 	/System/Library/Frameworks/MetalPerformanceShaders.framework/Versions/A/Frameworks/MPSFunctions.framework/Versions/A/MPSFunctions
0x000000019fb84000 	/System/Library/PrivateFrameworks/MetalTools.framework/Versions/A/MetalTools
0x00000001a8a13000 	/System/Library/PrivateFrameworks/AggregateDictionary.framework/Versions/A/AggregateDictionary
0x00000001aa949000 	/usr/lib/libIOReport.dylib
0x00000001b4c65000 	/System/Library/PrivateFrameworks/ASEProcessing.framework/Versions/A/ASEProcessing
0x00000001aacbe000 	/System/Library/PrivateFrameworks/FaceCore.framework/Versions/A/FaceCore
0x00000001aacb0000 	/System/Library/PrivateFrameworks/GraphVisualizer.framework/Versions/A/GraphVisualizer
0x000000020b13f000 	/System/Library/PrivateFrameworks/FontServices.framework/Versions/A/FontServices
0x00000001ab0d1000 	/System/Library/PrivateFrameworks/OTSVG.framework/Versions/A/OTSVG
0x00000001a6601000 	/System/Library/Frameworks/ApplicationServices.framework/Versions/A/Frameworks/ATS.framework/Versions/A/Resources/libFontRegistry.dylib
0x00000001ab11e000 	/System/Library/PrivateFrameworks/FontServices.framework/libhvf.dylib
0x000000020b140000 	/System/Library/PrivateFrameworks/FontServices.framework/libXTFontStaticRegistryData.dylib
0x0000000200e11000 	/System/Library/Frameworks/OpenCL.framework/Versions/A/OpenCL
0x00000001aab18000 	/System/Library/PrivateFrameworks/AppleVA.framework/Versions/A/AppleVA
0x00000001accb8000 	/System/Library/Frameworks/ApplicationServices.framework/Versions/A/Frameworks/ATS.framework/Versions/A/ATS
0x00000001a502a000 	/System/Library/Frameworks/ApplicationServices.framework/Versions/A/Frameworks/HIServices.framework/Versions/A/HIServices
0x00000001abb21000 	/System/Library/Frameworks/ApplicationServices.framework/Versions/A/Frameworks/PrintCore.framework/Versions/A/PrintCore
0x00000001ad04f000 	/System/Library/Frameworks/ApplicationServices.framework/Versions/A/Frameworks/QD.framework/Versions/A/QD
0x00000001ad047000 	/System/Library/Frameworks/ApplicationServices.framework/Versions/A/Frameworks/ColorSyncLegacy.framework/Versions/A/ColorSyncLegacy
0x00000001acca4000 	/System/Library/Frameworks/ApplicationServices.framework/Versions/A/Frameworks/SpeechSynthesis.framework/Versions/A/SpeechSynthesis
0x00000001abae2000 	/System/Library/Frameworks/ApplicationServices.framework/Versions/A/Frameworks/ATSUI.framework/Versions/A/ATSUI
0x00000001acfdc000 	/usr/lib/libcups.2.dylib
0x00000001ad3b6000 	/System/Library/Frameworks/Kerberos.framework/Versions/A/Kerberos
0x00000001ad3c7000 	/System/Library/Frameworks/GSS.framework/Versions/A/GSS
0x00000001acd28000 	/usr/lib/libresolv.9.dylib
0x00000001ab12d000 	/System/Library/PrivateFrameworks/Heimdal.framework/Versions/A/Heimdal
0x00000001b3e9b000 	/System/Library/Frameworks/Kerberos.framework/Versions/A/Libraries/libHeimdalProxy.dylib
0x00000001a5c79000 	/System/Library/Frameworks/Network.framework/Versions/A/Network
0x00000001aab7f000 	/usr/lib/libheimdal-asn1.dylib
0x00000001ad417000 	/System/Library/PrivateFrameworks/CommonAuth.framework/Versions/A/CommonAuth
0x00000001acc1e000 	/System/Library/PrivateFrameworks/AudioSession.framework/Versions/A/AudioSession
0x00000001aac11000 	/System/Library/PrivateFrameworks/MediaExperience.framework/Versions/A/MediaExperience
0x00000001acaa4000 	/System/Library/PrivateFrameworks/AudioSession.framework/libSessionUtility.dylib
0x00000001ad05b000 	/System/Library/PrivateFrameworks/AudioResourceArbitration.framework/Versions/A/AudioResourceArbitration
0x00000001b1221000 	/System/Library/PrivateFrameworks/PowerLog.framework/Versions/A/PowerLog
0x00000001aab89000 	/System/Library/PrivateFrameworks/IconFoundation.framework/Versions/A/IconFoundation
0x00000001aff6a000 	/System/Library/PrivateFrameworks/SpeechRecognitionCore.framework/Versions/A/SpeechRecognitionCore
0x0000000105be4000 	/Library/Java/JavaVirtualMachines/jdk-17.jdk/Contents/Home/lib/server/libjvm.dylib
0x0000000104bec000 	/Library/Java/JavaVirtualMachines/jdk-17.jdk/Contents/Home/lib/libjimage.dylib
0x0000000104cdc000 	/Library/Java/JavaVirtualMachines/jdk-17.jdk/Contents/Home/lib/libinstrument.dylib
0x0000000104d28000 	/Library/Java/JavaVirtualMachines/jdk-17.jdk/Contents/Home/lib/libjava.dylib
0x0000000104e70000 	/private/var/folders/nx/k8wgzg995xs0mg97c_b_l2780000gn/T/libasyncProfiler.dylib
0x0000000105900000 	/Library/Java/JavaVirtualMachines/jdk-17.jdk/Contents/Home/lib/libzip.dylib
0x0000000105928000 	/Library/Java/JavaVirtualMachines/jdk-17.jdk/Contents/Home/lib/libnio.dylib
0x0000000105948000 	/Library/Java/JavaVirtualMachines/jdk-17.jdk/Contents/Home/lib/libnet.dylib
0x0000000104d08000 	/Library/Java/JavaVirtualMachines/jdk-17.jdk/Contents/Home/lib/libextnet.dylib
0x0000000105980000 	/Library/Java/JavaVirtualMachines/jdk-17.jdk/Contents/Home/lib/libmanagement.dylib
0x0000000105994000 	/Library/Java/JavaVirtualMachines/jdk-17.jdk/Contents/Home/lib/libmanagement_ext.dylib


VM Arguments:
jvm_args: -XX:TieredStopAtLevel=1 -Dspring.output.ansi.enabled=always -Dcom.sun.management.jmxremote -Dspring.jmx.enabled=true -Dspring.liveBeansView.mbeanDomain -Dspring.application.admin.enabled=true -Dmanagement.endpoints.jmx.exposure.include=* -javaagent:/Applications/IntelliJ IDEA.app/Contents/lib/idea_rt.jar=64742:/Applications/IntelliJ IDEA.app/Contents/bin -agentpath:/private/var/folders/nx/k8wgzg995xs0mg97c_b_l2780000gn/T/libasyncProfiler.dylib=start,jfr,event=wall,interval=10ms,jfrsync=profile,cstack=no,file=/Users/antoniod621/IdeaSnapshots/BudgetBackendApplication_2024_06_10_174334.jfr,log=/private/var/folders/nx/k8wgzg995xs0mg97c_b_l2780000gn/T/BudgetBackendApplication_2024_06_10_174334.jfr.log.txt,logLevel=DEBUG -Dfile.encoding=UTF-8 
java_command: com.example.budgetbackend.BudgetBackendApplication
java_class_path (initial): /Users/antoniod621/Documents/Coding/budget-app/application_src_code/budget-backend/target/classes:/Users/antoniod621/.m2/repository/org/springframework/boot/spring-boot-starter-data-jpa/3.3.0/spring-boot-starter-data-jpa-3.3.0.jar:/Users/antoniod621/.m2/repository/org/springframework/boot/spring-boot-starter-aop/3.3.0/spring-boot-starter-aop-3.3.0.jar:/Users/antoniod621/.m2/repository/org/springframework/spring-aop/6.1.8/spring-aop-6.1.8.jar:/Users/antoniod621/.m2/repository/org/aspectj/aspectjweaver/1.9.22/aspectjweaver-1.9.22.jar:/Users/antoniod621/.m2/repository/org/springframework/boot/spring-boot-starter-jdbc/3.3.0/spring-boot-starter-jdbc-3.3.0.jar:/Users/antoniod621/.m2/repository/com/zaxxer/HikariCP/5.1.0/HikariCP-5.1.0.jar:/Users/antoniod621/.m2/repository/org/springframework/spring-jdbc/6.1.8/spring-jdbc-6.1.8.jar:/Users/antoniod621/.m2/repository/org/hibernate/orm/hibernate-core/6.5.2.Final/hibernate-core-6.5.2.Final.jar:/Users/antoniod621/.m2/repository/jakarta/persistence/jakarta.persistence-api/3.1.0/jakarta.persistence-api-3.1.0.jar:/Users/antoniod621/.m2/repository/jakarta/transaction/jakarta.transaction-api/2.0.1/jakarta.transaction-api-2.0.1.jar:/Users/antoniod621/.m2/repository/org/jboss/logging/jboss-logging/3.5.3.Final/jboss-logging-3.5.3.Final.jar:/Users/antoniod621/.m2/repository/org/hibernate/common/hibernate-commons-annotations/6.0.6.Final/hibernate-commons-annotations-6.0.6.Final.jar:/Users/antoniod621/.m2/repository/io/smallrye/jandex/3.1.2/jandex-3.1.2.jar:/Users/antoniod621/.m2/repository/com/fasterxml/classmate/1.7.0/classmate-1.7.0.jar:/Users/antoniod621/.m2/repository/net/bytebuddy/byte-buddy/1.14.16/byte-buddy-1.14.16.jar:/Users/antoniod621/.m2/repository/org/glassfish/jaxb/jaxb-runtime/4.0.5/jaxb-runtime-4.0.5.jar:/Users/antoniod621/.m2/repository/org/glassfish/jaxb/jaxb-core/4.0.5/jaxb-core-4.0.5.jar:/Users/antoniod621/.m2/repository/org/eclipse/angus/angus-activation/2.0.2/angus-activation-2.0.2.jar:/U
Launcher Type: SUN_STANDARD

[Global flags]
     intx CICompilerCount                          = 4                                         {product} {ergonomic}
     uint ConcGCThreads                            = 2                                         {product} {ergonomic}
     bool FlightRecorder                           = true                                      {product} {management}
     uint G1ConcRefinementThreads                  = 8                                         {product} {ergonomic}
   size_t G1HeapRegionSize                         = 1048576                                   {product} {ergonomic}
    uintx GCDrainStackTargetSize                   = 64                                        {product} {ergonomic}
   size_t InitialHeapSize                          = 134217728                                 {product} {ergonomic}
     bool ManagementServer                         = true                                      {product} {command line}
   size_t MarkStackSize                            = 4194304                                   {product} {ergonomic}
   size_t MaxHeapSize                              = 2147483648                                {product} {ergonomic}
   size_t MaxNewSize                               = 1287651328                                {product} {ergonomic}
   size_t MinHeapDeltaBytes                        = 1048576                                   {product} {ergonomic}
   size_t MinHeapSize                              = 8388608                                   {product} {ergonomic}
    uintx NonProfiledCodeHeapSize                  = 0                                      {pd product} {ergonomic}
     bool ProfileInterpreter                       = false                                  {pd product} {command line}
    uintx ProfiledCodeHeapSize                     = 0                                      {pd product} {ergonomic}
   size_t SoftMaxHeapSize                          = 2147483648                             {manageable} {ergonomic}
     intx TieredStopAtLevel                        = 1                                         {product} {command line}
     bool UseCompressedClassPointers               = true                           {product lp64_product} {ergonomic}
     bool UseCompressedOops                        = true                           {product lp64_product} {ergonomic}
     bool UseG1GC                                  = true                                      {product} {ergonomic}
     bool UseNUMA                                  = false                                     {product} {ergonomic}
     bool UseNUMAInterleaving                      = false                                     {product} {ergonomic}

Logging:
Log output configuration:
 #0: stdout all=warning,jni+resolve=error uptime,level,tags (reconfigured)
 #1: stderr all=off uptime,level,tags

Environment Variables:
PATH=/Users/antoniod621/opt/anaconda3/bin:/opt/homebrew/bin:/opt/homebrew/sbin:/usr/local/bin:/usr/bin:/bin:/usr/sbin:/sbin:/usr/local/share/dotnet:~/.dotnet/tools:/Library/Apple/usr/bin:/Library/Frameworks/Mono.framework/Versions/Current/Commands
SHELL=/bin/zsh
LC_CTYPE=en_US.UTF-8

Signal Handlers:
   SIGSEGV: _ZL13crash_handleriP9__siginfoPv in libjvm.dylib, mask=11100110000111110111111111111111, flags=SA_RESTART|SA_SIGINFO
    SIGBUS: _ZL13crash_handleriP9__siginfoPv in libjvm.dylib, mask=11100110000111110111111111111111, flags=SA_RESTART|SA_SIGINFO
    SIGFPE: _ZL13crash_handleriP9__siginfoPv in libjvm.dylib, mask=11100110000111110111111111111111, flags=SA_RESTART|SA_SIGINFO
   SIGPIPE: _ZL17javaSignalHandleriP9__siginfoPv in libjvm.dylib, mask=11100110000111110111111111111111, flags=SA_RESTART|SA_SIGINFO
   SIGXFSZ: _ZL17javaSignalHandleriP9__siginfoPv in libjvm.dylib, mask=11100110000111110111111111111111, flags=SA_RESTART|SA_SIGINFO
    SIGILL: _ZL13crash_handleriP9__siginfoPv in libjvm.dylib, mask=11100110000111110111111111111111, flags=SA_RESTART|SA_SIGINFO
   SIGUSR2: _ZL10SR_handleriP9__siginfoP17__darwin_ucontext in libjvm.dylib, mask=00100000000000000000000000000000, flags=SA_RESTART|SA_SIGINFO
    SIGHUP: _ZL11UserHandleriPvS_ in libjvm.dylib, mask=11100110000111110111111111111111, flags=SA_RESTART|SA_SIGINFO
    SIGINT: _ZL11UserHandleriPvS_ in libjvm.dylib, mask=11100110000111110111111111111111, flags=SA_RESTART|SA_SIGINFO
   SIGTERM: _ZL11UserHandleriPvS_ in libjvm.dylib, mask=11100110000111110111111111111111, flags=SA_RESTART|SA_SIGINFO
   SIGQUIT: _ZL11UserHandleriPvS_ in libjvm.dylib, mask=11100110000111110111111111111111, flags=SA_RESTART|SA_SIGINFO
   SIGTRAP: _ZL13crash_handleriP9__siginfoPv in libjvm.dylib, mask=11100110000111110111111111111111, flags=SA_RESTART|SA_SIGINFO


---------------  S Y S T E M  ---------------

OS:
uname: Darwin 21.5.0 Darwin Kernel Version 21.5.0: Tue Apr 26 21:08:29 PDT 2022; root:xnu-8020.121.3~4/RELEASE_ARM64_T8101 arm64
OS uptime: 1 days 22:42 hours
rlimit (soft/hard): STACK 8176k/65520k , CORE 0k/infinity , NPROC 1333/2000 , NOFILE 10240/infinity , AS infinity/infinity , CPU infinity/infinity , DATA infinity/infinity , FSIZE infinity/infinity , MEMLOCK infinity/infinity , RSS infinity/infinity
load average: 1.62 1.91 1.94

CPU: total 8 (initial active 8) 0x61:0x0:0x1b588bb3:0, fp, simd, crc, lse

Memory: 16k page, physical 8388608k(142784k free), swap 1048576k(985600k free)

vm_info: Java HotSpot(TM) 64-Bit Server VM (17.0.7+8-LTS-224) for bsd-aarch64 JRE (17.0.7+8-LTS-224), built on Feb 28 2023 22:59:37 by "mach5one" with clang Apple LLVM 12.0.0 (clang-1200.0.32.29)

END.
